try 1

(895966, 172) (895966, 1)
(383061, 172) (383061, 1)
(?, 172) (?, 1)
batch num : 0 / 447
batch num : 200 / 447
batch num : 400 / 447
Step:     0	Loss: 4.718	Acc: 44.69%
batch num : 0 / 447
batch num : 200 / 447
batch num : 400 / 447
batch num : 0 / 447
batch num : 200 / 447
batch num : 400 / 447
batch num : 0 / 447
batch num : 200 / 447
batch num : 400 / 447
batch num : 0 / 447
batch num : 200 / 447
batch num : 400 / 447
Step:     4	Loss: 0.405	Acc: 81.74%
batch num : 0 / 447
batch num : 200 / 447
batch num : 400 / 447
batch num : 0 / 447
batch num : 200 / 447
batch num : 400 / 447
batch num : 0 / 447
batch num : 200 / 447
batch num : 400 / 447
batch num : 0 / 447
batch num : 200 / 447
batch num : 400 / 447
Step:     8	Loss: 0.097	Acc: 97.22%
batch num : 0 / 447
batch num : 200 / 447
batch num : 400 / 447
batch num : 0 / 447
batch num : 200 / 447
batch num : 400 / 447
batch num : 0 / 447
batch num : 200 / 447
batch num : 400 / 447
batch num : 0 / 447
batch num : 200 / 447
batch num : 400 / 447
Step:    12	Loss: 0.282	Acc: 85.29%
batch num : 0 / 447
batch num : 200 / 447
batch num : 400 / 447
batch num : 0 / 447
batch num : 200 / 447
batch num : 400 / 447
batch num : 0 / 447
batch num : 200 / 447
batch num : 400 / 447
batch num : 0 / 447
batch num : 200 / 447
batch num : 400 / 447
Step:    16	Loss: 0.072	Acc: 98.93%
batch num : 0 / 447
batch num : 200 / 447
batch num : 400 / 447
batch num : 0 / 447
batch num : 200 / 447
batch num : 400 / 447
batch num : 0 / 447
batch num : 200 / 447
batch num : 400 / 447
batch num : 0 / 447
batch num : 200 / 447
batch num : 400 / 447
Step:    20	Loss: 0.023	Acc: 99.64%
batch num : 0 / 447
batch num : 200 / 447
batch num : 400 / 447
batch num : 0 / 447
batch num : 200 / 447
batch num : 400 / 447
batch num : 0 / 447
batch num : 200 / 447
batch num : 400 / 447
batch num : 0 / 447
batch num : 200 / 447
batch num : 400 / 447
Step:    24	Loss: 0.014	Acc: 99.79%
batch num : 0 / 447
batch num : 200 / 447
batch num : 400 / 447
batch num : 0 / 447
batch num : 200 / 447
batch num : 400 / 447
batch num : 0 / 447
batch num : 200 / 447
batch num : 400 / 447
batch num : 0 / 447
batch num : 200 / 447
batch num : 400 / 447
Step:    28	Loss: 0.031	Acc: 99.46%
batch num : 0 / 447
batch num : 200 / 447
batch num : 400 / 447
batch num : 0 / 447
batch num : 200 / 447
batch num : 400 / 447
batch num : 0 / 447
batch num : 200 / 447
batch num : 400 / 447
batch num : 0 / 447
batch num : 200 / 447
batch num : 400 / 447
Step:    32	Loss: 0.021	Acc: 99.73%
batch num : 0 / 447
batch num : 200 / 447
batch num : 400 / 447
batch num : 0 / 447
batch num : 200 / 447
batch num : 400 / 447
batch num : 0 / 447
batch num : 200 / 447
batch num : 400 / 447
batch num : 0 / 447
batch num : 200 / 447
batch num : 400 / 447
Step:    36	Loss: 0.003	Acc: 99.97%
batch num : 0 / 447
batch num : 200 / 447
batch num : 400 / 447
batch num : 0 / 447
batch num : 200 / 447
batch num : 400 / 447
batch num : 0 / 447
batch num : 200 / 447
batch num : 400 / 447
batch num : 0 / 447
batch num : 200 / 447
batch num : 400 / 447
Step:    40	Loss: 0.224	Acc: 94.47%
batch num : 0 / 447
batch num : 200 / 447
batch num : 400 / 447
batch num : 0 / 447
batch num : 200 / 447
batch num : 400 / 447
batch num : 0 / 447
batch num : 200 / 447
batch num : 400 / 447
batch num : 0 / 447
batch num : 200 / 447
batch num : 400 / 447
Step:    44	Loss: 0.017	Acc: 99.75%
batch num : 0 / 447
batch num : 200 / 447
batch num : 400 / 447
batch num : 0 / 447
batch num : 200 / 447
batch num : 400 / 447
batch num : 0 / 447
batch num : 200 / 447
batch num : 400 / 447
batch num : 0 / 447
batch num : 200 / 447
batch num : 400 / 447
Step:    48	Loss: 0.005	Acc: 99.94%
batch num : 0 / 447
batch num : 200 / 447
batch num : 400 / 447
batch num : 0 / 447
batch num : 200 / 447
batch num : 400 / 447
batch num : 0 / 447
batch num : 200 / 447
batch num : 400 / 447
batch num : 0 / 447
batch num : 200 / 447
batch num : 400 / 447
Step:    52	Loss: 0.003	Acc: 99.97%
batch num : 0 / 447
batch num : 200 / 447
batch num : 400 / 447
batch num : 0 / 447
batch num : 200 / 447
batch num : 400 / 447
batch num : 0 / 447
batch num : 200 / 447
batch num : 400 / 447
batch num : 0 / 447
batch num : 200 / 447
batch num : 400 / 447
Step:    56	Loss: 0.005	Acc: 99.93%
batch num : 0 / 447
batch num : 200 / 447
batch num : 400 / 447
batch num : 0 / 447
batch num : 200 / 447
batch num : 400 / 447
batch num : 0 / 447
batch num : 200 / 447
batch num : 400 / 447
batch num : 0 / 447
batch num : 200 / 447
batch num : 400 / 447
Step:    60	Loss: 0.004	Acc: 99.95%
batch num : 0 / 447
batch num : 200 / 447
batch num : 400 / 447
batch num : 0 / 447
batch num : 200 / 447
batch num : 400 / 447
batch num : 0 / 447
batch num : 200 / 447
batch num : 400 / 447
batch num : 0 / 447
batch num : 200 / 447
batch num : 400 / 447
Step:    64	Loss: 0.007	Acc: 99.92%
batch num : 0 / 447
batch num : 200 / 447
batch num : 400 / 447
batch num : 0 / 447
batch num : 200 / 447
batch num : 400 / 447
batch num : 0 / 447
batch num : 200 / 447
batch num : 400 / 447
batch num : 0 / 447
batch num : 200 / 447
batch num : 400 / 447
Step:    68	Loss: 0.002	Acc: 99.98%
batch num : 0 / 447
batch num : 200 / 447
batch num : 400 / 447
batch num : 0 / 447
batch num : 200 / 447
batch num : 400 / 447
batch num : 0 / 447
batch num : 200 / 447
batch num : 400 / 447
batch num : 0 / 447
batch num : 200 / 447
batch num : 400 / 447
Step:    72	Loss: 0.006	Acc: 99.92%
batch num : 0 / 447
batch num : 200 / 447
batch num : 400 / 447
batch num : 0 / 447
batch num : 200 / 447
batch num : 400 / 447
batch num : 0 / 447
batch num : 200 / 447
batch num : 400 / 447
batch num : 0 / 447
batch num : 200 / 447
batch num : 400 / 447
Step:    76	Loss: 0.003	Acc: 99.96%
batch num : 0 / 447
batch num : 200 / 447
batch num : 400 / 447
batch num : 0 / 447
batch num : 200 / 447
batch num : 400 / 447
batch num : 0 / 447
batch num : 200 / 447
batch num : 400 / 447
batch num : 0 / 447
batch num : 200 / 447
batch num : 400 / 447
Step:    80	Loss: 0.002	Acc: 99.97%
batch num : 0 / 447
batch num : 200 / 447
batch num : 400 / 447
batch num : 0 / 447
batch num : 200 / 447
batch num : 400 / 447
batch num : 0 / 447
batch num : 200 / 447
batch num : 400 / 447
batch num : 0 / 447
batch num : 200 / 447
batch num : 400 / 447
Step:    84	Loss: 0.002	Acc: 99.97%
batch num : 0 / 447
batch num : 200 / 447
batch num : 400 / 447
batch num : 0 / 447
batch num : 200 / 447
batch num : 400 / 447
batch num : 0 / 447
batch num : 200 / 447
batch num : 400 / 447
batch num : 0 / 447
batch num : 200 / 447
batch num : 400 / 447
Step:    88	Loss: 0.004	Acc: 99.95%
batch num : 0 / 447
batch num : 200 / 447
batch num : 400 / 447
batch num : 0 / 447
batch num : 200 / 447
batch num : 400 / 447
batch num : 0 / 447
batch num : 200 / 447
batch num : 400 / 447
batch num : 0 / 447
batch num : 200 / 447
batch num : 400 / 447
Step:    92	Loss: 0.003	Acc: 99.96%
batch num : 0 / 447
batch num : 200 / 447
batch num : 400 / 447
batch num : 0 / 447
batch num : 200 / 447
batch num : 400 / 447
batch num : 0 / 447
batch num : 200 / 447
batch num : 400 / 447
batch num : 0 / 447
batch num : 200 / 447
batch num : 400 / 447
Step:    96	Loss: 0.003	Acc: 99.96%
batch num : 0 / 447
batch num : 200 / 447
batch num : 400 / 447
batch num : 0 / 447
batch num : 200 / 447
batch num : 400 / 447
batch num : 0 / 447
batch num : 200 / 447
batch num : 400 / 447
batch num : 0 / 447
batch num : 200 / 447
batch num : 400 / 447
Step:   100	Loss: 0.003	Acc: 99.97%
(383061,)
Test Accuracy: 0.999863