try 2

(896128, 172) (896128, 1)
(382899, 172) (382899, 1)
(?, 172) (?, 1)
batch num : 0 / 448, index : 0 ~ 2000
batch num : 200 / 448, index : 400000 ~ 402000
batch num : 400 / 448, index : 800000 ~ 802000
Step:     0	Loss: 1.210	Acc: 77.76%
batch num : 0 / 448, index : 0 ~ 2000
batch num : 200 / 448, index : 400000 ~ 402000
batch num : 400 / 448, index : 800000 ~ 802000
batch num : 0 / 448, index : 0 ~ 2000
batch num : 200 / 448, index : 400000 ~ 402000
batch num : 400 / 448, index : 800000 ~ 802000
batch num : 0 / 448, index : 0 ~ 2000
batch num : 200 / 448, index : 400000 ~ 402000
batch num : 400 / 448, index : 800000 ~ 802000
batch num : 0 / 448, index : 0 ~ 2000
batch num : 200 / 448, index : 400000 ~ 402000
batch num : 400 / 448, index : 800000 ~ 802000
Step:     4	Loss: 0.346	Acc: 86.45%
batch num : 0 / 448, index : 0 ~ 2000
batch num : 200 / 448, index : 400000 ~ 402000
batch num : 400 / 448, index : 800000 ~ 802000
batch num : 0 / 448, index : 0 ~ 2000
batch num : 200 / 448, index : 400000 ~ 402000
batch num : 400 / 448, index : 800000 ~ 802000
batch num : 0 / 448, index : 0 ~ 2000
batch num : 200 / 448, index : 400000 ~ 402000
batch num : 400 / 448, index : 800000 ~ 802000
batch num : 0 / 448, index : 0 ~ 2000
batch num : 200 / 448, index : 400000 ~ 402000
batch num : 400 / 448, index : 800000 ~ 802000
Step:     8	Loss: 0.399	Acc: 82.91%
batch num : 0 / 448, index : 0 ~ 2000
batch num : 200 / 448, index : 400000 ~ 402000
batch num : 400 / 448, index : 800000 ~ 802000
batch num : 0 / 448, index : 0 ~ 2000
batch num : 200 / 448, index : 400000 ~ 402000
batch num : 400 / 448, index : 800000 ~ 802000
batch num : 0 / 448, index : 0 ~ 2000
batch num : 200 / 448, index : 400000 ~ 402000
batch num : 400 / 448, index : 800000 ~ 802000
batch num : 0 / 448, index : 0 ~ 2000
batch num : 200 / 448, index : 400000 ~ 402000
batch num : 400 / 448, index : 800000 ~ 802000
Step:    12	Loss: 2.467	Acc: 45.60%
batch num : 0 / 448, index : 0 ~ 2000
batch num : 200 / 448, index : 400000 ~ 402000
batch num : 400 / 448, index : 800000 ~ 802000
batch num : 0 / 448, index : 0 ~ 2000
batch num : 200 / 448, index : 400000 ~ 402000
batch num : 400 / 448, index : 800000 ~ 802000
batch num : 0 / 448, index : 0 ~ 2000
batch num : 200 / 448, index : 400000 ~ 402000
batch num : 400 / 448, index : 800000 ~ 802000
batch num : 0 / 448, index : 0 ~ 2000
batch num : 200 / 448, index : 400000 ~ 402000
batch num : 400 / 448, index : 800000 ~ 802000
Step:    16	Loss: 0.392	Acc: 84.28%
batch num : 0 / 448, index : 0 ~ 2000
batch num : 200 / 448, index : 400000 ~ 402000
batch num : 400 / 448, index : 800000 ~ 802000
batch num : 0 / 448, index : 0 ~ 2000
batch num : 200 / 448, index : 400000 ~ 402000
batch num : 400 / 448, index : 800000 ~ 802000
batch num : 0 / 448, index : 0 ~ 2000
batch num : 200 / 448, index : 400000 ~ 402000
batch num : 400 / 448, index : 800000 ~ 802000
batch num : 0 / 448, index : 0 ~ 2000
batch num : 200 / 448, index : 400000 ~ 402000
batch num : 400 / 448, index : 800000 ~ 802000
Step:    20	Loss: 0.294	Acc: 87.65%
batch num : 0 / 448, index : 0 ~ 2000
batch num : 200 / 448, index : 400000 ~ 402000
batch num : 400 / 448, index : 800000 ~ 802000
batch num : 0 / 448, index : 0 ~ 2000
batch num : 200 / 448, index : 400000 ~ 402000
batch num : 400 / 448, index : 800000 ~ 802000
batch num : 0 / 448, index : 0 ~ 2000
batch num : 200 / 448, index : 400000 ~ 402000
batch num : 400 / 448, index : 800000 ~ 802000
batch num : 0 / 448, index : 0 ~ 2000
batch num : 200 / 448, index : 400000 ~ 402000
batch num : 400 / 448, index : 800000 ~ 802000
Step:    24	Loss: 0.352	Acc: 86.37%
batch num : 0 / 448, index : 0 ~ 2000
batch num : 200 / 448, index : 400000 ~ 402000
batch num : 400 / 448, index : 800000 ~ 802000
batch num : 0 / 448, index : 0 ~ 2000
batch num : 200 / 448, index : 400000 ~ 402000
batch num : 400 / 448, index : 800000 ~ 802000
batch num : 0 / 448, index : 0 ~ 2000
batch num : 200 / 448, index : 400000 ~ 402000
batch num : 400 / 448, index : 800000 ~ 802000
batch num : 0 / 448, index : 0 ~ 2000
batch num : 200 / 448, index : 400000 ~ 402000
batch num : 400 / 448, index : 800000 ~ 802000
Step:    28	Loss: 143772401664.000	Acc: 95.38%
batch num : 0 / 448, index : 0 ~ 2000
batch num : 200 / 448, index : 400000 ~ 402000
batch num : 400 / 448, index : 800000 ~ 802000
batch num : 0 / 448, index : 0 ~ 2000
batch num : 200 / 448, index : 400000 ~ 402000
batch num : 400 / 448, index : 800000 ~ 802000
batch num : 0 / 448, index : 0 ~ 2000
batch num : 200 / 448, index : 400000 ~ 402000
batch num : 400 / 448, index : 800000 ~ 802000
batch num : 0 / 448, index : 0 ~ 2000
batch num : 200 / 448, index : 400000 ~ 402000
batch num : 400 / 448, index : 800000 ~ 802000
Step:    32	Loss: 0.230	Acc: 93.65%
batch num : 0 / 448, index : 0 ~ 2000
batch num : 200 / 448, index : 400000 ~ 402000
batch num : 400 / 448, index : 800000 ~ 802000
batch num : 0 / 448, index : 0 ~ 2000
batch num : 200 / 448, index : 400000 ~ 402000
batch num : 400 / 448, index : 800000 ~ 802000
batch num : 0 / 448, index : 0 ~ 2000
batch num : 200 / 448, index : 400000 ~ 402000
batch num : 400 / 448, index : 800000 ~ 802000
batch num : 0 / 448, index : 0 ~ 2000
batch num : 200 / 448, index : 400000 ~ 402000
batch num : 400 / 448, index : 800000 ~ 802000
Step:    36	Loss: 0.158	Acc: 96.08%
batch num : 0 / 448, index : 0 ~ 2000
batch num : 200 / 448, index : 400000 ~ 402000
batch num : 400 / 448, index : 800000 ~ 802000
batch num : 0 / 448, index : 0 ~ 2000
batch num : 200 / 448, index : 400000 ~ 402000
batch num : 400 / 448, index : 800000 ~ 802000
batch num : 0 / 448, index : 0 ~ 2000
batch num : 200 / 448, index : 400000 ~ 402000
batch num : 400 / 448, index : 800000 ~ 802000
batch num : 0 / 448, index : 0 ~ 2000
batch num : 200 / 448, index : 400000 ~ 402000
batch num : 400 / 448, index : 800000 ~ 802000
Step:    40	Loss: 0.106	Acc: 97.50%
batch num : 0 / 448, index : 0 ~ 2000
batch num : 200 / 448, index : 400000 ~ 402000
batch num : 400 / 448, index : 800000 ~ 802000
batch num : 0 / 448, index : 0 ~ 2000
batch num : 200 / 448, index : 400000 ~ 402000
batch num : 400 / 448, index : 800000 ~ 802000
batch num : 0 / 448, index : 0 ~ 2000
batch num : 200 / 448, index : 400000 ~ 402000
batch num : 400 / 448, index : 800000 ~ 802000
batch num : 0 / 448, index : 0 ~ 2000
batch num : 200 / 448, index : 400000 ~ 402000
batch num : 400 / 448, index : 800000 ~ 802000
Step:    44	Loss: 2588562948096.000	Acc: 97.18%
batch num : 0 / 448, index : 0 ~ 2000
batch num : 200 / 448, index : 400000 ~ 402000
batch num : 400 / 448, index : 800000 ~ 802000
batch num : 0 / 448, index : 0 ~ 2000
batch num : 200 / 448, index : 400000 ~ 402000
batch num : 400 / 448, index : 800000 ~ 802000
batch num : 0 / 448, index : 0 ~ 2000
batch num : 200 / 448, index : 400000 ~ 402000
batch num : 400 / 448, index : 800000 ~ 802000
batch num : 0 / 448, index : 0 ~ 2000
batch num : 200 / 448, index : 400000 ~ 402000
batch num : 400 / 448, index : 800000 ~ 802000
Step:    48	Loss: 0.152	Acc: 96.22%
batch num : 0 / 448, index : 0 ~ 2000
batch num : 200 / 448, index : 400000 ~ 402000
batch num : 400 / 448, index : 800000 ~ 802000
batch num : 0 / 448, index : 0 ~ 2000
batch num : 200 / 448, index : 400000 ~ 402000
batch num : 400 / 448, index : 800000 ~ 802000
batch num : 0 / 448, index : 0 ~ 2000
batch num : 200 / 448, index : 400000 ~ 402000
batch num : 400 / 448, index : 800000 ~ 802000
batch num : 0 / 448, index : 0 ~ 2000
batch num : 200 / 448, index : 400000 ~ 402000
batch num : 400 / 448, index : 800000 ~ 802000
Step:    52	Loss: 0.118	Acc: 97.28%
batch num : 0 / 448, index : 0 ~ 2000
batch num : 200 / 448, index : 400000 ~ 402000
batch num : 400 / 448, index : 800000 ~ 802000
batch num : 0 / 448, index : 0 ~ 2000
batch num : 200 / 448, index : 400000 ~ 402000
batch num : 400 / 448, index : 800000 ~ 802000
batch num : 0 / 448, index : 0 ~ 2000
batch num : 200 / 448, index : 400000 ~ 402000
batch num : 400 / 448, index : 800000 ~ 802000
batch num : 0 / 448, index : 0 ~ 2000
batch num : 200 / 448, index : 400000 ~ 402000
batch num : 400 / 448, index : 800000 ~ 802000
Step:    56	Loss: 0.140	Acc: 96.69%
batch num : 0 / 448, index : 0 ~ 2000
batch num : 200 / 448, index : 400000 ~ 402000
batch num : 400 / 448, index : 800000 ~ 802000
batch num : 0 / 448, index : 0 ~ 2000
batch num : 200 / 448, index : 400000 ~ 402000
batch num : 400 / 448, index : 800000 ~ 802000
batch num : 0 / 448, index : 0 ~ 2000
batch num : 200 / 448, index : 400000 ~ 402000
batch num : 400 / 448, index : 800000 ~ 802000
batch num : 0 / 448, index : 0 ~ 2000
batch num : 200 / 448, index : 400000 ~ 402000
batch num : 400 / 448, index : 800000 ~ 802000
Step:    60	Loss: 0.043	Acc: 99.30%
batch num : 0 / 448, index : 0 ~ 2000
batch num : 200 / 448, index : 400000 ~ 402000
batch num : 400 / 448, index : 800000 ~ 802000
batch num : 0 / 448, index : 0 ~ 2000
batch num : 200 / 448, index : 400000 ~ 402000
batch num : 400 / 448, index : 800000 ~ 802000
batch num : 0 / 448, index : 0 ~ 2000
batch num : 200 / 448, index : 400000 ~ 402000
batch num : 400 / 448, index : 800000 ~ 802000
batch num : 0 / 448, index : 0 ~ 2000
batch num : 200 / 448, index : 400000 ~ 402000
batch num : 400 / 448, index : 800000 ~ 802000
Step:    64	Loss: 0.049	Acc: 99.02%
batch num : 0 / 448, index : 0 ~ 2000
batch num : 200 / 448, index : 400000 ~ 402000
batch num : 400 / 448, index : 800000 ~ 802000
batch num : 0 / 448, index : 0 ~ 2000
batch num : 200 / 448, index : 400000 ~ 402000
batch num : 400 / 448, index : 800000 ~ 802000
batch num : 0 / 448, index : 0 ~ 2000
batch num : 200 / 448, index : 400000 ~ 402000
batch num : 400 / 448, index : 800000 ~ 802000
batch num : 0 / 448, index : 0 ~ 2000
batch num : 200 / 448, index : 400000 ~ 402000
batch num : 400 / 448, index : 800000 ~ 802000
Step:    68	Loss: 0.137	Acc: 96.93%
batch num : 0 / 448, index : 0 ~ 2000
batch num : 200 / 448, index : 400000 ~ 402000
batch num : 400 / 448, index : 800000 ~ 802000
batch num : 0 / 448, index : 0 ~ 2000
batch num : 200 / 448, index : 400000 ~ 402000
batch num : 400 / 448, index : 800000 ~ 802000
batch num : 0 / 448, index : 0 ~ 2000
batch num : 200 / 448, index : 400000 ~ 402000
batch num : 400 / 448, index : 800000 ~ 802000
batch num : 0 / 448, index : 0 ~ 2000
batch num : 200 / 448, index : 400000 ~ 402000
batch num : 400 / 448, index : 800000 ~ 802000
Step:    72	Loss: 0.318	Acc: 94.24%
batch num : 0 / 448, index : 0 ~ 2000
batch num : 200 / 448, index : 400000 ~ 402000
batch num : 400 / 448, index : 800000 ~ 802000
batch num : 0 / 448, index : 0 ~ 2000
batch num : 200 / 448, index : 400000 ~ 402000
batch num : 400 / 448, index : 800000 ~ 802000
batch num : 0 / 448, index : 0 ~ 2000
batch num : 200 / 448, index : 400000 ~ 402000
batch num : 400 / 448, index : 800000 ~ 802000
batch num : 0 / 448, index : 0 ~ 2000
batch num : 200 / 448, index : 400000 ~ 402000
batch num : 400 / 448, index : 800000 ~ 802000
Step:    76	Loss: 0.041	Acc: 99.12%
batch num : 0 / 448, index : 0 ~ 2000
batch num : 200 / 448, index : 400000 ~ 402000
batch num : 400 / 448, index : 800000 ~ 802000
batch num : 0 / 448, index : 0 ~ 2000
batch num : 200 / 448, index : 400000 ~ 402000
batch num : 400 / 448, index : 800000 ~ 802000
batch num : 0 / 448, index : 0 ~ 2000
batch num : 200 / 448, index : 400000 ~ 402000
batch num : 400 / 448, index : 800000 ~ 802000
batch num : 0 / 448, index : 0 ~ 2000
batch num : 200 / 448, index : 400000 ~ 402000
batch num : 400 / 448, index : 800000 ~ 802000
Step:    80	Loss: 0.039	Acc: 99.01%
batch num : 0 / 448, index : 0 ~ 2000
batch num : 200 / 448, index : 400000 ~ 402000
batch num : 400 / 448, index : 800000 ~ 802000
batch num : 0 / 448, index : 0 ~ 2000
batch num : 200 / 448, index : 400000 ~ 402000
batch num : 400 / 448, index : 800000 ~ 802000
batch num : 0 / 448, index : 0 ~ 2000
batch num : 200 / 448, index : 400000 ~ 402000
batch num : 400 / 448, index : 800000 ~ 802000
batch num : 0 / 448, index : 0 ~ 2000
batch num : 200 / 448, index : 400000 ~ 402000
batch num : 400 / 448, index : 800000 ~ 802000
Step:    84	Loss: 0.063	Acc: 98.37%
batch num : 0 / 448, index : 0 ~ 2000
batch num : 200 / 448, index : 400000 ~ 402000
batch num : 400 / 448, index : 800000 ~ 802000
batch num : 0 / 448, index : 0 ~ 2000
batch num : 200 / 448, index : 400000 ~ 402000
batch num : 400 / 448, index : 800000 ~ 802000
batch num : 0 / 448, index : 0 ~ 2000
batch num : 200 / 448, index : 400000 ~ 402000
batch num : 400 / 448, index : 800000 ~ 802000
batch num : 0 / 448, index : 0 ~ 2000
batch num : 200 / 448, index : 400000 ~ 402000
batch num : 400 / 448, index : 800000 ~ 802000
Step:    88	Loss: 0.041	Acc: 99.03%
batch num : 0 / 448, index : 0 ~ 2000
batch num : 200 / 448, index : 400000 ~ 402000
batch num : 400 / 448, index : 800000 ~ 802000
batch num : 0 / 448, index : 0 ~ 2000
batch num : 200 / 448, index : 400000 ~ 402000
batch num : 400 / 448, index : 800000 ~ 802000
batch num : 0 / 448, index : 0 ~ 2000
batch num : 200 / 448, index : 400000 ~ 402000
batch num : 400 / 448, index : 800000 ~ 802000
batch num : 0 / 448, index : 0 ~ 2000
batch num : 200 / 448, index : 400000 ~ 402000
batch num : 400 / 448, index : 800000 ~ 802000
Step:    92	Loss: 0.052	Acc: 98.53%
batch num : 0 / 448, index : 0 ~ 2000
batch num : 200 / 448, index : 400000 ~ 402000
batch num : 400 / 448, index : 800000 ~ 802000
batch num : 0 / 448, index : 0 ~ 2000
batch num : 200 / 448, index : 400000 ~ 402000
batch num : 400 / 448, index : 800000 ~ 802000
batch num : 0 / 448, index : 0 ~ 2000
batch num : 200 / 448, index : 400000 ~ 402000
batch num : 400 / 448, index : 800000 ~ 802000
batch num : 0 / 448, index : 0 ~ 2000
batch num : 200 / 448, index : 400000 ~ 402000
batch num : 400 / 448, index : 800000 ~ 802000
Step:    96	Loss: 0.028	Acc: 99.12%
batch num : 0 / 448, index : 0 ~ 2000
batch num : 200 / 448, index : 400000 ~ 402000
batch num : 400 / 448, index : 800000 ~ 802000
batch num : 0 / 448, index : 0 ~ 2000
batch num : 200 / 448, index : 400000 ~ 402000
batch num : 400 / 448, index : 800000 ~ 802000
batch num : 0 / 448, index : 0 ~ 2000
batch num : 200 / 448, index : 400000 ~ 402000
batch num : 400 / 448, index : 800000 ~ 802000
batch num : 0 / 448, index : 0 ~ 2000
batch num : 200 / 448, index : 400000 ~ 402000
batch num : 400 / 448, index : 800000 ~ 802000
Step:   100	Loss: 0.043	Acc: 98.78%
(382899,)
Test Accuracy: 0.987972