try 3

(895632, 172) (895632, 1)
(383395, 172) (383395, 1)
(?, 172) (?, 1)
batch num : 0 / 447, index : 0 ~ 2000
batch num : 200 / 447, index : 400000 ~ 402000
batch num : 400 / 447, index : 800000 ~ 802000
batch num : 446 / 447, index : 892000 ~ 894000
Step:     0	Loss: 2.034	Acc: 62.85%
batch num : 0 / 447, index : 0 ~ 2000
batch num : 200 / 447, index : 400000 ~ 402000
batch num : 400 / 447, index : 800000 ~ 802000
batch num : 446 / 447, index : 892000 ~ 894000
batch num : 0 / 447, index : 0 ~ 2000
batch num : 200 / 447, index : 400000 ~ 402000
batch num : 400 / 447, index : 800000 ~ 802000
batch num : 446 / 447, index : 892000 ~ 894000
batch num : 0 / 447, index : 0 ~ 2000
batch num : 200 / 447, index : 400000 ~ 402000
batch num : 400 / 447, index : 800000 ~ 802000
batch num : 446 / 447, index : 892000 ~ 894000
batch num : 0 / 447, index : 0 ~ 2000
batch num : 200 / 447, index : 400000 ~ 402000
batch num : 400 / 447, index : 800000 ~ 802000
batch num : 446 / 447, index : 892000 ~ 894000
Step:     4	Loss: 0.525	Acc: 80.75%
batch num : 0 / 447, index : 0 ~ 2000
batch num : 200 / 447, index : 400000 ~ 402000
batch num : 400 / 447, index : 800000 ~ 802000
batch num : 446 / 447, index : 892000 ~ 894000
batch num : 0 / 447, index : 0 ~ 2000
batch num : 200 / 447, index : 400000 ~ 402000
batch num : 400 / 447, index : 800000 ~ 802000
batch num : 446 / 447, index : 892000 ~ 894000
batch num : 0 / 447, index : 0 ~ 2000
batch num : 200 / 447, index : 400000 ~ 402000
batch num : 400 / 447, index : 800000 ~ 802000
batch num : 446 / 447, index : 892000 ~ 894000
batch num : 0 / 447, index : 0 ~ 2000
batch num : 200 / 447, index : 400000 ~ 402000
batch num : 400 / 447, index : 800000 ~ 802000
batch num : 446 / 447, index : 892000 ~ 894000
Step:     8	Loss: 0.455	Acc: 82.60%
batch num : 0 / 447, index : 0 ~ 2000
batch num : 200 / 447, index : 400000 ~ 402000
batch num : 400 / 447, index : 800000 ~ 802000
batch num : 446 / 447, index : 892000 ~ 894000
batch num : 0 / 447, index : 0 ~ 2000
batch num : 200 / 447, index : 400000 ~ 402000
batch num : 400 / 447, index : 800000 ~ 802000
batch num : 446 / 447, index : 892000 ~ 894000
batch num : 0 / 447, index : 0 ~ 2000
batch num : 200 / 447, index : 400000 ~ 402000
batch num : 400 / 447, index : 800000 ~ 802000
batch num : 446 / 447, index : 892000 ~ 894000
batch num : 0 / 447, index : 0 ~ 2000
batch num : 200 / 447, index : 400000 ~ 402000
batch num : 400 / 447, index : 800000 ~ 802000
batch num : 446 / 447, index : 892000 ~ 894000
Step:    12	Loss: 0.225	Acc: 94.98%
batch num : 0 / 447, index : 0 ~ 2000
batch num : 200 / 447, index : 400000 ~ 402000
batch num : 400 / 447, index : 800000 ~ 802000
batch num : 446 / 447, index : 892000 ~ 894000
batch num : 0 / 447, index : 0 ~ 2000
batch num : 200 / 447, index : 400000 ~ 402000
batch num : 400 / 447, index : 800000 ~ 802000
batch num : 446 / 447, index : 892000 ~ 894000
batch num : 0 / 447, index : 0 ~ 2000
batch num : 200 / 447, index : 400000 ~ 402000
batch num : 400 / 447, index : 800000 ~ 802000
batch num : 446 / 447, index : 892000 ~ 894000
batch num : 0 / 447, index : 0 ~ 2000
batch num : 200 / 447, index : 400000 ~ 402000
batch num : 400 / 447, index : 800000 ~ 802000
batch num : 446 / 447, index : 892000 ~ 894000
Step:    16	Loss: 0.194	Acc: 94.62%
batch num : 0 / 447, index : 0 ~ 2000
batch num : 200 / 447, index : 400000 ~ 402000
batch num : 400 / 447, index : 800000 ~ 802000
batch num : 446 / 447, index : 892000 ~ 894000
batch num : 0 / 447, index : 0 ~ 2000
batch num : 200 / 447, index : 400000 ~ 402000
batch num : 400 / 447, index : 800000 ~ 802000
batch num : 446 / 447, index : 892000 ~ 894000
batch num : 0 / 447, index : 0 ~ 2000
batch num : 200 / 447, index : 400000 ~ 402000
batch num : 400 / 447, index : 800000 ~ 802000
batch num : 446 / 447, index : 892000 ~ 894000
batch num : 0 / 447, index : 0 ~ 2000
batch num : 200 / 447, index : 400000 ~ 402000
batch num : 400 / 447, index : 800000 ~ 802000
batch num : 446 / 447, index : 892000 ~ 894000
Step:    20	Loss: 0.169	Acc: 95.14%
batch num : 0 / 447, index : 0 ~ 2000
batch num : 200 / 447, index : 400000 ~ 402000
batch num : 400 / 447, index : 800000 ~ 802000
batch num : 446 / 447, index : 892000 ~ 894000
batch num : 0 / 447, index : 0 ~ 2000
batch num : 200 / 447, index : 400000 ~ 402000
batch num : 400 / 447, index : 800000 ~ 802000
batch num : 446 / 447, index : 892000 ~ 894000
batch num : 0 / 447, index : 0 ~ 2000
batch num : 200 / 447, index : 400000 ~ 402000
batch num : 400 / 447, index : 800000 ~ 802000
batch num : 446 / 447, index : 892000 ~ 894000
batch num : 0 / 447, index : 0 ~ 2000
batch num : 200 / 447, index : 400000 ~ 402000
batch num : 400 / 447, index : 800000 ~ 802000
batch num : 446 / 447, index : 892000 ~ 894000
Step:    24	Loss: 0.425	Acc: 83.52%
batch num : 0 / 447, index : 0 ~ 2000
batch num : 200 / 447, index : 400000 ~ 402000
batch num : 400 / 447, index : 800000 ~ 802000
batch num : 446 / 447, index : 892000 ~ 894000
batch num : 0 / 447, index : 0 ~ 2000
batch num : 200 / 447, index : 400000 ~ 402000
batch num : 400 / 447, index : 800000 ~ 802000
batch num : 446 / 447, index : 892000 ~ 894000
batch num : 0 / 447, index : 0 ~ 2000
batch num : 200 / 447, index : 400000 ~ 402000
batch num : 400 / 447, index : 800000 ~ 802000
batch num : 446 / 447, index : 892000 ~ 894000
batch num : 0 / 447, index : 0 ~ 2000
batch num : 200 / 447, index : 400000 ~ 402000
batch num : 400 / 447, index : 800000 ~ 802000
batch num : 446 / 447, index : 892000 ~ 894000
Step:    28	Loss: 0.364	Acc: 87.47%
batch num : 0 / 447, index : 0 ~ 2000
batch num : 200 / 447, index : 400000 ~ 402000
batch num : 400 / 447, index : 800000 ~ 802000
batch num : 446 / 447, index : 892000 ~ 894000
batch num : 0 / 447, index : 0 ~ 2000
batch num : 200 / 447, index : 400000 ~ 402000
batch num : 400 / 447, index : 800000 ~ 802000
batch num : 446 / 447, index : 892000 ~ 894000
batch num : 0 / 447, index : 0 ~ 2000
batch num : 200 / 447, index : 400000 ~ 402000
batch num : 400 / 447, index : 800000 ~ 802000
batch num : 446 / 447, index : 892000 ~ 894000
batch num : 0 / 447, index : 0 ~ 2000
batch num : 200 / 447, index : 400000 ~ 402000
batch num : 400 / 447, index : 800000 ~ 802000
batch num : 446 / 447, index : 892000 ~ 894000
Step:    32	Loss: 0.214	Acc: 94.12%
batch num : 0 / 447, index : 0 ~ 2000
batch num : 200 / 447, index : 400000 ~ 402000
batch num : 400 / 447, index : 800000 ~ 802000
batch num : 446 / 447, index : 892000 ~ 894000
batch num : 0 / 447, index : 0 ~ 2000
batch num : 200 / 447, index : 400000 ~ 402000
batch num : 400 / 447, index : 800000 ~ 802000
batch num : 446 / 447, index : 892000 ~ 894000
batch num : 0 / 447, index : 0 ~ 2000
batch num : 200 / 447, index : 400000 ~ 402000
batch num : 400 / 447, index : 800000 ~ 802000
batch num : 446 / 447, index : 892000 ~ 894000
batch num : 0 / 447, index : 0 ~ 2000
batch num : 200 / 447, index : 400000 ~ 402000
batch num : 400 / 447, index : 800000 ~ 802000
batch num : 446 / 447, index : 892000 ~ 894000
Step:    36	Loss: 0.169	Acc: 95.63%
batch num : 0 / 447, index : 0 ~ 2000
batch num : 200 / 447, index : 400000 ~ 402000
batch num : 400 / 447, index : 800000 ~ 802000
batch num : 446 / 447, index : 892000 ~ 894000
batch num : 0 / 447, index : 0 ~ 2000
batch num : 200 / 447, index : 400000 ~ 402000
batch num : 400 / 447, index : 800000 ~ 802000
batch num : 446 / 447, index : 892000 ~ 894000
batch num : 0 / 447, index : 0 ~ 2000
batch num : 200 / 447, index : 400000 ~ 402000
batch num : 400 / 447, index : 800000 ~ 802000
batch num : 446 / 447, index : 892000 ~ 894000
batch num : 0 / 447, index : 0 ~ 2000
batch num : 200 / 447, index : 400000 ~ 402000
batch num : 400 / 447, index : 800000 ~ 802000
batch num : 446 / 447, index : 892000 ~ 894000
Step:    40	Loss: 0.168	Acc: 95.68%
batch num : 0 / 447, index : 0 ~ 2000
batch num : 200 / 447, index : 400000 ~ 402000
batch num : 400 / 447, index : 800000 ~ 802000
batch num : 446 / 447, index : 892000 ~ 894000
batch num : 0 / 447, index : 0 ~ 2000
batch num : 200 / 447, index : 400000 ~ 402000
batch num : 400 / 447, index : 800000 ~ 802000
batch num : 446 / 447, index : 892000 ~ 894000
batch num : 0 / 447, index : 0 ~ 2000
batch num : 200 / 447, index : 400000 ~ 402000
batch num : 400 / 447, index : 800000 ~ 802000
batch num : 446 / 447, index : 892000 ~ 894000
batch num : 0 / 447, index : 0 ~ 2000
batch num : 200 / 447, index : 400000 ~ 402000
batch num : 400 / 447, index : 800000 ~ 802000
batch num : 446 / 447, index : 892000 ~ 894000
Step:    44	Loss: 0.044	Acc: 99.15%
batch num : 0 / 447, index : 0 ~ 2000
batch num : 200 / 447, index : 400000 ~ 402000
batch num : 400 / 447, index : 800000 ~ 802000
batch num : 446 / 447, index : 892000 ~ 894000
batch num : 0 / 447, index : 0 ~ 2000
batch num : 200 / 447, index : 400000 ~ 402000
batch num : 400 / 447, index : 800000 ~ 802000
batch num : 446 / 447, index : 892000 ~ 894000
batch num : 0 / 447, index : 0 ~ 2000
batch num : 200 / 447, index : 400000 ~ 402000
batch num : 400 / 447, index : 800000 ~ 802000
batch num : 446 / 447, index : 892000 ~ 894000
batch num : 0 / 447, index : 0 ~ 2000
batch num : 200 / 447, index : 400000 ~ 402000
batch num : 400 / 447, index : 800000 ~ 802000
batch num : 446 / 447, index : 892000 ~ 894000
Step:    48	Loss: 0.026	Acc: 99.55%
batch num : 0 / 447, index : 0 ~ 2000
batch num : 200 / 447, index : 400000 ~ 402000
batch num : 400 / 447, index : 800000 ~ 802000
batch num : 446 / 447, index : 892000 ~ 894000
batch num : 0 / 447, index : 0 ~ 2000
batch num : 200 / 447, index : 400000 ~ 402000
batch num : 400 / 447, index : 800000 ~ 802000
batch num : 446 / 447, index : 892000 ~ 894000
batch num : 0 / 447, index : 0 ~ 2000
batch num : 200 / 447, index : 400000 ~ 402000
batch num : 400 / 447, index : 800000 ~ 802000
batch num : 446 / 447, index : 892000 ~ 894000
batch num : 0 / 447, index : 0 ~ 2000
batch num : 200 / 447, index : 400000 ~ 402000
batch num : 400 / 447, index : 800000 ~ 802000
batch num : 446 / 447, index : 892000 ~ 894000
Step:    52	Loss: 0.007	Acc: 99.90%
batch num : 0 / 447, index : 0 ~ 2000
batch num : 200 / 447, index : 400000 ~ 402000
batch num : 400 / 447, index : 800000 ~ 802000
batch num : 446 / 447, index : 892000 ~ 894000
batch num : 0 / 447, index : 0 ~ 2000
batch num : 200 / 447, index : 400000 ~ 402000
batch num : 400 / 447, index : 800000 ~ 802000
batch num : 446 / 447, index : 892000 ~ 894000
batch num : 0 / 447, index : 0 ~ 2000
batch num : 200 / 447, index : 400000 ~ 402000
batch num : 400 / 447, index : 800000 ~ 802000
batch num : 446 / 447, index : 892000 ~ 894000
batch num : 0 / 447, index : 0 ~ 2000
batch num : 200 / 447, index : 400000 ~ 402000
batch num : 400 / 447, index : 800000 ~ 802000
batch num : 446 / 447, index : 892000 ~ 894000
Step:    56	Loss: 0.012	Acc: 99.82%
batch num : 0 / 447, index : 0 ~ 2000
batch num : 200 / 447, index : 400000 ~ 402000
batch num : 400 / 447, index : 800000 ~ 802000
batch num : 446 / 447, index : 892000 ~ 894000
batch num : 0 / 447, index : 0 ~ 2000
batch num : 200 / 447, index : 400000 ~ 402000
batch num : 400 / 447, index : 800000 ~ 802000
batch num : 446 / 447, index : 892000 ~ 894000
batch num : 0 / 447, index : 0 ~ 2000
batch num : 200 / 447, index : 400000 ~ 402000
batch num : 400 / 447, index : 800000 ~ 802000
batch num : 446 / 447, index : 892000 ~ 894000
batch num : 0 / 447, index : 0 ~ 2000
batch num : 200 / 447, index : 400000 ~ 402000
batch num : 400 / 447, index : 800000 ~ 802000
batch num : 446 / 447, index : 892000 ~ 894000
Step:    60	Loss: 0.007	Acc: 99.88%
batch num : 0 / 447, index : 0 ~ 2000
batch num : 200 / 447, index : 400000 ~ 402000
batch num : 400 / 447, index : 800000 ~ 802000
batch num : 446 / 447, index : 892000 ~ 894000
batch num : 0 / 447, index : 0 ~ 2000
batch num : 200 / 447, index : 400000 ~ 402000
batch num : 400 / 447, index : 800000 ~ 802000
batch num : 446 / 447, index : 892000 ~ 894000
batch num : 0 / 447, index : 0 ~ 2000
batch num : 200 / 447, index : 400000 ~ 402000
batch num : 400 / 447, index : 800000 ~ 802000
batch num : 446 / 447, index : 892000 ~ 894000
batch num : 0 / 447, index : 0 ~ 2000
batch num : 200 / 447, index : 400000 ~ 402000
batch num : 400 / 447, index : 800000 ~ 802000
batch num : 446 / 447, index : 892000 ~ 894000
Step:    64	Loss: 0.009	Acc: 99.86%
batch num : 0 / 447, index : 0 ~ 2000
batch num : 200 / 447, index : 400000 ~ 402000
batch num : 400 / 447, index : 800000 ~ 802000
batch num : 446 / 447, index : 892000 ~ 894000
batch num : 0 / 447, index : 0 ~ 2000
batch num : 200 / 447, index : 400000 ~ 402000
batch num : 400 / 447, index : 800000 ~ 802000
batch num : 446 / 447, index : 892000 ~ 894000
batch num : 0 / 447, index : 0 ~ 2000
batch num : 200 / 447, index : 400000 ~ 402000
batch num : 400 / 447, index : 800000 ~ 802000
batch num : 446 / 447, index : 892000 ~ 894000
batch num : 0 / 447, index : 0 ~ 2000
batch num : 200 / 447, index : 400000 ~ 402000
batch num : 400 / 447, index : 800000 ~ 802000
batch num : 446 / 447, index : 892000 ~ 894000
Step:    68	Loss: 0.027	Acc: 99.37%
batch num : 0 / 447, index : 0 ~ 2000
batch num : 200 / 447, index : 400000 ~ 402000
batch num : 400 / 447, index : 800000 ~ 802000
batch num : 446 / 447, index : 892000 ~ 894000
batch num : 0 / 447, index : 0 ~ 2000
batch num : 200 / 447, index : 400000 ~ 402000
batch num : 400 / 447, index : 800000 ~ 802000
batch num : 446 / 447, index : 892000 ~ 894000
batch num : 0 / 447, index : 0 ~ 2000
batch num : 200 / 447, index : 400000 ~ 402000
batch num : 400 / 447, index : 800000 ~ 802000
batch num : 446 / 447, index : 892000 ~ 894000
batch num : 0 / 447, index : 0 ~ 2000
batch num : 200 / 447, index : 400000 ~ 402000
batch num : 400 / 447, index : 800000 ~ 802000
batch num : 446 / 447, index : 892000 ~ 894000
Step:    72	Loss: 0.010	Acc: 99.86%
batch num : 0 / 447, index : 0 ~ 2000
batch num : 200 / 447, index : 400000 ~ 402000
batch num : 400 / 447, index : 800000 ~ 802000
batch num : 446 / 447, index : 892000 ~ 894000
batch num : 0 / 447, index : 0 ~ 2000
batch num : 200 / 447, index : 400000 ~ 402000
batch num : 400 / 447, index : 800000 ~ 802000
batch num : 446 / 447, index : 892000 ~ 894000
batch num : 0 / 447, index : 0 ~ 2000
batch num : 200 / 447, index : 400000 ~ 402000
batch num : 400 / 447, index : 800000 ~ 802000
batch num : 446 / 447, index : 892000 ~ 894000
batch num : 0 / 447, index : 0 ~ 2000
batch num : 200 / 447, index : 400000 ~ 402000
batch num : 400 / 447, index : 800000 ~ 802000
batch num : 446 / 447, index : 892000 ~ 894000
Step:    76	Loss: 0.006	Acc: 99.91%
batch num : 0 / 447, index : 0 ~ 2000
batch num : 200 / 447, index : 400000 ~ 402000
batch num : 400 / 447, index : 800000 ~ 802000
batch num : 446 / 447, index : 892000 ~ 894000
batch num : 0 / 447, index : 0 ~ 2000
batch num : 200 / 447, index : 400000 ~ 402000
batch num : 400 / 447, index : 800000 ~ 802000
batch num : 446 / 447, index : 892000 ~ 894000
batch num : 0 / 447, index : 0 ~ 2000
batch num : 200 / 447, index : 400000 ~ 402000
batch num : 400 / 447, index : 800000 ~ 802000
batch num : 446 / 447, index : 892000 ~ 894000
batch num : 0 / 447, index : 0 ~ 2000
batch num : 200 / 447, index : 400000 ~ 402000
batch num : 400 / 447, index : 800000 ~ 802000
batch num : 446 / 447, index : 892000 ~ 894000
Step:    80	Loss: 0.005	Acc: 99.93%
batch num : 0 / 447, index : 0 ~ 2000
batch num : 200 / 447, index : 400000 ~ 402000
batch num : 400 / 447, index : 800000 ~ 802000
batch num : 446 / 447, index : 892000 ~ 894000
batch num : 0 / 447, index : 0 ~ 2000
batch num : 200 / 447, index : 400000 ~ 402000
batch num : 400 / 447, index : 800000 ~ 802000
batch num : 446 / 447, index : 892000 ~ 894000
batch num : 0 / 447, index : 0 ~ 2000
batch num : 200 / 447, index : 400000 ~ 402000
batch num : 400 / 447, index : 800000 ~ 802000
batch num : 446 / 447, index : 892000 ~ 894000
batch num : 0 / 447, index : 0 ~ 2000
batch num : 200 / 447, index : 400000 ~ 402000
batch num : 400 / 447, index : 800000 ~ 802000
batch num : 446 / 447, index : 892000 ~ 894000
Step:    84	Loss: 0.009	Acc: 99.86%
batch num : 0 / 447, index : 0 ~ 2000
batch num : 200 / 447, index : 400000 ~ 402000
batch num : 400 / 447, index : 800000 ~ 802000
batch num : 446 / 447, index : 892000 ~ 894000
batch num : 0 / 447, index : 0 ~ 2000
batch num : 200 / 447, index : 400000 ~ 402000
batch num : 400 / 447, index : 800000 ~ 802000
batch num : 446 / 447, index : 892000 ~ 894000
batch num : 0 / 447, index : 0 ~ 2000
batch num : 200 / 447, index : 400000 ~ 402000
batch num : 400 / 447, index : 800000 ~ 802000
batch num : 446 / 447, index : 892000 ~ 894000
batch num : 0 / 447, index : 0 ~ 2000
batch num : 200 / 447, index : 400000 ~ 402000
batch num : 400 / 447, index : 800000 ~ 802000
batch num : 446 / 447, index : 892000 ~ 894000
Step:    88	Loss: 0.004	Acc: 99.94%
batch num : 0 / 447, index : 0 ~ 2000
batch num : 200 / 447, index : 400000 ~ 402000
batch num : 400 / 447, index : 800000 ~ 802000
batch num : 446 / 447, index : 892000 ~ 894000
batch num : 0 / 447, index : 0 ~ 2000
batch num : 200 / 447, index : 400000 ~ 402000
batch num : 400 / 447, index : 800000 ~ 802000
batch num : 446 / 447, index : 892000 ~ 894000
batch num : 0 / 447, index : 0 ~ 2000
batch num : 200 / 447, index : 400000 ~ 402000
batch num : 400 / 447, index : 800000 ~ 802000
batch num : 446 / 447, index : 892000 ~ 894000
batch num : 0 / 447, index : 0 ~ 2000
batch num : 200 / 447, index : 400000 ~ 402000
batch num : 400 / 447, index : 800000 ~ 802000
batch num : 446 / 447, index : 892000 ~ 894000
Step:    92	Loss: 0.008	Acc: 99.88%
batch num : 0 / 447, index : 0 ~ 2000
batch num : 200 / 447, index : 400000 ~ 402000
batch num : 400 / 447, index : 800000 ~ 802000
batch num : 446 / 447, index : 892000 ~ 894000
batch num : 0 / 447, index : 0 ~ 2000
batch num : 200 / 447, index : 400000 ~ 402000
batch num : 400 / 447, index : 800000 ~ 802000
batch num : 446 / 447, index : 892000 ~ 894000
batch num : 0 / 447, index : 0 ~ 2000
batch num : 200 / 447, index : 400000 ~ 402000
batch num : 400 / 447, index : 800000 ~ 802000
batch num : 446 / 447, index : 892000 ~ 894000
batch num : 0 / 447, index : 0 ~ 2000
batch num : 200 / 447, index : 400000 ~ 402000
batch num : 400 / 447, index : 800000 ~ 802000
batch num : 446 / 447, index : 892000 ~ 894000
Step:    96	Loss: 0.009	Acc: 99.87%
batch num : 0 / 447, index : 0 ~ 2000
batch num : 200 / 447, index : 400000 ~ 402000
batch num : 400 / 447, index : 800000 ~ 802000
batch num : 446 / 447, index : 892000 ~ 894000
batch num : 0 / 447, index : 0 ~ 2000
batch num : 200 / 447, index : 400000 ~ 402000
batch num : 400 / 447, index : 800000 ~ 802000
batch num : 446 / 447, index : 892000 ~ 894000
batch num : 0 / 447, index : 0 ~ 2000
batch num : 200 / 447, index : 400000 ~ 402000
batch num : 400 / 447, index : 800000 ~ 802000
batch num : 446 / 447, index : 892000 ~ 894000
batch num : 0 / 447, index : 0 ~ 2000
batch num : 200 / 447, index : 400000 ~ 402000
batch num : 400 / 447, index : 800000 ~ 802000
batch num : 446 / 447, index : 892000 ~ 894000
Step:   100	Loss: 0.002	Acc: 99.97%
(383395,)
Test Accuracy: 0.999945