try 4

(894358, 172) (894358, 1)
(384669, 172) (384669, 1)
(?, 172) (?, 1)
batch num(0-based) / batch length: 0 / 447, index: 0 ~ 2000
batch num(0-based) / batch length: 200 / 447, index: 400000 ~ 402000
batch num(0-based) / batch length: 400 / 447, index: 800000 ~ 802000
batch num(0-based) / batch length: 446 / 447, index: 892000 ~ 894000
Step:     0	Loss: 2.419	Acc: 23.93%
batch num(0-based) / batch length: 0 / 447, index: 0 ~ 2000
batch num(0-based) / batch length: 200 / 447, index: 400000 ~ 402000
batch num(0-based) / batch length: 400 / 447, index: 800000 ~ 802000
batch num(0-based) / batch length: 446 / 447, index: 892000 ~ 894000
batch num(0-based) / batch length: 0 / 447, index: 0 ~ 2000
batch num(0-based) / batch length: 200 / 447, index: 400000 ~ 402000
batch num(0-based) / batch length: 400 / 447, index: 800000 ~ 802000
batch num(0-based) / batch length: 446 / 447, index: 892000 ~ 894000
batch num(0-based) / batch length: 0 / 447, index: 0 ~ 2000
batch num(0-based) / batch length: 200 / 447, index: 400000 ~ 402000
batch num(0-based) / batch length: 400 / 447, index: 800000 ~ 802000
batch num(0-based) / batch length: 446 / 447, index: 892000 ~ 894000
batch num(0-based) / batch length: 0 / 447, index: 0 ~ 2000
batch num(0-based) / batch length: 200 / 447, index: 400000 ~ 402000
batch num(0-based) / batch length: 400 / 447, index: 800000 ~ 802000
batch num(0-based) / batch length: 446 / 447, index: 892000 ~ 894000
Step:     4	Loss: 0.435	Acc: 80.91%
batch num(0-based) / batch length: 0 / 447, index: 0 ~ 2000
batch num(0-based) / batch length: 200 / 447, index: 400000 ~ 402000
batch num(0-based) / batch length: 400 / 447, index: 800000 ~ 802000
batch num(0-based) / batch length: 446 / 447, index: 892000 ~ 894000
batch num(0-based) / batch length: 0 / 447, index: 0 ~ 2000
batch num(0-based) / batch length: 200 / 447, index: 400000 ~ 402000
batch num(0-based) / batch length: 400 / 447, index: 800000 ~ 802000
batch num(0-based) / batch length: 446 / 447, index: 892000 ~ 894000
batch num(0-based) / batch length: 0 / 447, index: 0 ~ 2000
batch num(0-based) / batch length: 200 / 447, index: 400000 ~ 402000
batch num(0-based) / batch length: 400 / 447, index: 800000 ~ 802000
batch num(0-based) / batch length: 446 / 447, index: 892000 ~ 894000
batch num(0-based) / batch length: 0 / 447, index: 0 ~ 2000
batch num(0-based) / batch length: 200 / 447, index: 400000 ~ 402000
batch num(0-based) / batch length: 400 / 447, index: 800000 ~ 802000
batch num(0-based) / batch length: 446 / 447, index: 892000 ~ 894000
Step:     8	Loss: 0.350	Acc: 82.83%
batch num(0-based) / batch length: 0 / 447, index: 0 ~ 2000
batch num(0-based) / batch length: 200 / 447, index: 400000 ~ 402000
batch num(0-based) / batch length: 400 / 447, index: 800000 ~ 802000
batch num(0-based) / batch length: 446 / 447, index: 892000 ~ 894000
batch num(0-based) / batch length: 0 / 447, index: 0 ~ 2000
batch num(0-based) / batch length: 200 / 447, index: 400000 ~ 402000
batch num(0-based) / batch length: 400 / 447, index: 800000 ~ 802000
batch num(0-based) / batch length: 446 / 447, index: 892000 ~ 894000
batch num(0-based) / batch length: 0 / 447, index: 0 ~ 2000
batch num(0-based) / batch length: 200 / 447, index: 400000 ~ 402000
batch num(0-based) / batch length: 400 / 447, index: 800000 ~ 802000
batch num(0-based) / batch length: 446 / 447, index: 892000 ~ 894000
batch num(0-based) / batch length: 0 / 447, index: 0 ~ 2000
batch num(0-based) / batch length: 200 / 447, index: 400000 ~ 402000
batch num(0-based) / batch length: 400 / 447, index: 800000 ~ 802000
batch num(0-based) / batch length: 446 / 447, index: 892000 ~ 894000
Step:    12	Loss: 0.267	Acc: 94.09%
batch num(0-based) / batch length: 0 / 447, index: 0 ~ 2000
batch num(0-based) / batch length: 200 / 447, index: 400000 ~ 402000
batch num(0-based) / batch length: 400 / 447, index: 800000 ~ 802000
batch num(0-based) / batch length: 446 / 447, index: 892000 ~ 894000
batch num(0-based) / batch length: 0 / 447, index: 0 ~ 2000
batch num(0-based) / batch length: 200 / 447, index: 400000 ~ 402000
batch num(0-based) / batch length: 400 / 447, index: 800000 ~ 802000
batch num(0-based) / batch length: 446 / 447, index: 892000 ~ 894000
batch num(0-based) / batch length: 0 / 447, index: 0 ~ 2000
batch num(0-based) / batch length: 200 / 447, index: 400000 ~ 402000
batch num(0-based) / batch length: 400 / 447, index: 800000 ~ 802000
batch num(0-based) / batch length: 446 / 447, index: 892000 ~ 894000
batch num(0-based) / batch length: 0 / 447, index: 0 ~ 2000
batch num(0-based) / batch length: 200 / 447, index: 400000 ~ 402000
batch num(0-based) / batch length: 400 / 447, index: 800000 ~ 802000
batch num(0-based) / batch length: 446 / 447, index: 892000 ~ 894000
Step:    16	Loss: 0.279	Acc: 89.40%
batch num(0-based) / batch length: 0 / 447, index: 0 ~ 2000
batch num(0-based) / batch length: 200 / 447, index: 400000 ~ 402000
batch num(0-based) / batch length: 400 / 447, index: 800000 ~ 802000
batch num(0-based) / batch length: 446 / 447, index: 892000 ~ 894000
batch num(0-based) / batch length: 0 / 447, index: 0 ~ 2000
batch num(0-based) / batch length: 200 / 447, index: 400000 ~ 402000
batch num(0-based) / batch length: 400 / 447, index: 800000 ~ 802000
batch num(0-based) / batch length: 446 / 447, index: 892000 ~ 894000
batch num(0-based) / batch length: 0 / 447, index: 0 ~ 2000
batch num(0-based) / batch length: 200 / 447, index: 400000 ~ 402000
batch num(0-based) / batch length: 400 / 447, index: 800000 ~ 802000
batch num(0-based) / batch length: 446 / 447, index: 892000 ~ 894000
batch num(0-based) / batch length: 0 / 447, index: 0 ~ 2000
batch num(0-based) / batch length: 200 / 447, index: 400000 ~ 402000
batch num(0-based) / batch length: 400 / 447, index: 800000 ~ 802000
batch num(0-based) / batch length: 446 / 447, index: 892000 ~ 894000
Step:    20	Loss: 0.245	Acc: 93.77%
batch num(0-based) / batch length: 0 / 447, index: 0 ~ 2000
batch num(0-based) / batch length: 200 / 447, index: 400000 ~ 402000
batch num(0-based) / batch length: 400 / 447, index: 800000 ~ 802000
batch num(0-based) / batch length: 446 / 447, index: 892000 ~ 894000
batch num(0-based) / batch length: 0 / 447, index: 0 ~ 2000
batch num(0-based) / batch length: 200 / 447, index: 400000 ~ 402000
batch num(0-based) / batch length: 400 / 447, index: 800000 ~ 802000
batch num(0-based) / batch length: 446 / 447, index: 892000 ~ 894000
batch num(0-based) / batch length: 0 / 447, index: 0 ~ 2000
batch num(0-based) / batch length: 200 / 447, index: 400000 ~ 402000
batch num(0-based) / batch length: 400 / 447, index: 800000 ~ 802000
batch num(0-based) / batch length: 446 / 447, index: 892000 ~ 894000
batch num(0-based) / batch length: 0 / 447, index: 0 ~ 2000
batch num(0-based) / batch length: 200 / 447, index: 400000 ~ 402000
batch num(0-based) / batch length: 400 / 447, index: 800000 ~ 802000
batch num(0-based) / batch length: 446 / 447, index: 892000 ~ 894000
Step:    24	Loss: 0.313	Acc: 89.88%
batch num(0-based) / batch length: 0 / 447, index: 0 ~ 2000
batch num(0-based) / batch length: 200 / 447, index: 400000 ~ 402000
batch num(0-based) / batch length: 400 / 447, index: 800000 ~ 802000
batch num(0-based) / batch length: 446 / 447, index: 892000 ~ 894000
batch num(0-based) / batch length: 0 / 447, index: 0 ~ 2000
batch num(0-based) / batch length: 200 / 447, index: 400000 ~ 402000
batch num(0-based) / batch length: 400 / 447, index: 800000 ~ 802000
batch num(0-based) / batch length: 446 / 447, index: 892000 ~ 894000
batch num(0-based) / batch length: 0 / 447, index: 0 ~ 2000
batch num(0-based) / batch length: 200 / 447, index: 400000 ~ 402000
batch num(0-based) / batch length: 400 / 447, index: 800000 ~ 802000
batch num(0-based) / batch length: 446 / 447, index: 892000 ~ 894000
batch num(0-based) / batch length: 0 / 447, index: 0 ~ 2000
batch num(0-based) / batch length: 200 / 447, index: 400000 ~ 402000
batch num(0-based) / batch length: 400 / 447, index: 800000 ~ 802000
batch num(0-based) / batch length: 446 / 447, index: 892000 ~ 894000
Step:    28	Loss: 0.282	Acc: 90.13%
batch num(0-based) / batch length: 0 / 447, index: 0 ~ 2000
batch num(0-based) / batch length: 200 / 447, index: 400000 ~ 402000
batch num(0-based) / batch length: 400 / 447, index: 800000 ~ 802000
batch num(0-based) / batch length: 446 / 447, index: 892000 ~ 894000
batch num(0-based) / batch length: 0 / 447, index: 0 ~ 2000
batch num(0-based) / batch length: 200 / 447, index: 400000 ~ 402000
batch num(0-based) / batch length: 400 / 447, index: 800000 ~ 802000
batch num(0-based) / batch length: 446 / 447, index: 892000 ~ 894000
batch num(0-based) / batch length: 0 / 447, index: 0 ~ 2000
batch num(0-based) / batch length: 200 / 447, index: 400000 ~ 402000
batch num(0-based) / batch length: 400 / 447, index: 800000 ~ 802000
batch num(0-based) / batch length: 446 / 447, index: 892000 ~ 894000
batch num(0-based) / batch length: 0 / 447, index: 0 ~ 2000
batch num(0-based) / batch length: 200 / 447, index: 400000 ~ 402000
batch num(0-based) / batch length: 400 / 447, index: 800000 ~ 802000
batch num(0-based) / batch length: 446 / 447, index: 892000 ~ 894000
Step:    32	Loss: 0.122	Acc: 97.07%
batch num(0-based) / batch length: 0 / 447, index: 0 ~ 2000
batch num(0-based) / batch length: 200 / 447, index: 400000 ~ 402000
batch num(0-based) / batch length: 400 / 447, index: 800000 ~ 802000
batch num(0-based) / batch length: 446 / 447, index: 892000 ~ 894000
batch num(0-based) / batch length: 0 / 447, index: 0 ~ 2000
batch num(0-based) / batch length: 200 / 447, index: 400000 ~ 402000
batch num(0-based) / batch length: 400 / 447, index: 800000 ~ 802000
batch num(0-based) / batch length: 446 / 447, index: 892000 ~ 894000
batch num(0-based) / batch length: 0 / 447, index: 0 ~ 2000
batch num(0-based) / batch length: 200 / 447, index: 400000 ~ 402000
batch num(0-based) / batch length: 400 / 447, index: 800000 ~ 802000
batch num(0-based) / batch length: 446 / 447, index: 892000 ~ 894000
batch num(0-based) / batch length: 0 / 447, index: 0 ~ 2000
batch num(0-based) / batch length: 200 / 447, index: 400000 ~ 402000
batch num(0-based) / batch length: 400 / 447, index: 800000 ~ 802000
batch num(0-based) / batch length: 446 / 447, index: 892000 ~ 894000
Step:    36	Loss: 0.170	Acc: 95.63%
batch num(0-based) / batch length: 0 / 447, index: 0 ~ 2000
batch num(0-based) / batch length: 200 / 447, index: 400000 ~ 402000
batch num(0-based) / batch length: 400 / 447, index: 800000 ~ 802000
batch num(0-based) / batch length: 446 / 447, index: 892000 ~ 894000
batch num(0-based) / batch length: 0 / 447, index: 0 ~ 2000
batch num(0-based) / batch length: 200 / 447, index: 400000 ~ 402000
batch num(0-based) / batch length: 400 / 447, index: 800000 ~ 802000
batch num(0-based) / batch length: 446 / 447, index: 892000 ~ 894000
batch num(0-based) / batch length: 0 / 447, index: 0 ~ 2000
batch num(0-based) / batch length: 200 / 447, index: 400000 ~ 402000
batch num(0-based) / batch length: 400 / 447, index: 800000 ~ 802000
batch num(0-based) / batch length: 446 / 447, index: 892000 ~ 894000
batch num(0-based) / batch length: 0 / 447, index: 0 ~ 2000
batch num(0-based) / batch length: 200 / 447, index: 400000 ~ 402000
batch num(0-based) / batch length: 400 / 447, index: 800000 ~ 802000
batch num(0-based) / batch length: 446 / 447, index: 892000 ~ 894000
Step:    40	Loss: 0.136	Acc: 96.72%
batch num(0-based) / batch length: 0 / 447, index: 0 ~ 2000
batch num(0-based) / batch length: 200 / 447, index: 400000 ~ 402000
batch num(0-based) / batch length: 400 / 447, index: 800000 ~ 802000
batch num(0-based) / batch length: 446 / 447, index: 892000 ~ 894000
batch num(0-based) / batch length: 0 / 447, index: 0 ~ 2000
batch num(0-based) / batch length: 200 / 447, index: 400000 ~ 402000
batch num(0-based) / batch length: 400 / 447, index: 800000 ~ 802000
batch num(0-based) / batch length: 446 / 447, index: 892000 ~ 894000
batch num(0-based) / batch length: 0 / 447, index: 0 ~ 2000
batch num(0-based) / batch length: 200 / 447, index: 400000 ~ 402000
batch num(0-based) / batch length: 400 / 447, index: 800000 ~ 802000
batch num(0-based) / batch length: 446 / 447, index: 892000 ~ 894000
batch num(0-based) / batch length: 0 / 447, index: 0 ~ 2000
batch num(0-based) / batch length: 200 / 447, index: 400000 ~ 402000
batch num(0-based) / batch length: 400 / 447, index: 800000 ~ 802000
batch num(0-based) / batch length: 446 / 447, index: 892000 ~ 894000
Step:    44	Loss: 0.085	Acc: 98.28%
batch num(0-based) / batch length: 0 / 447, index: 0 ~ 2000
batch num(0-based) / batch length: 200 / 447, index: 400000 ~ 402000
batch num(0-based) / batch length: 400 / 447, index: 800000 ~ 802000
batch num(0-based) / batch length: 446 / 447, index: 892000 ~ 894000
batch num(0-based) / batch length: 0 / 447, index: 0 ~ 2000
batch num(0-based) / batch length: 200 / 447, index: 400000 ~ 402000
batch num(0-based) / batch length: 400 / 447, index: 800000 ~ 802000
batch num(0-based) / batch length: 446 / 447, index: 892000 ~ 894000
batch num(0-based) / batch length: 0 / 447, index: 0 ~ 2000
batch num(0-based) / batch length: 200 / 447, index: 400000 ~ 402000
batch num(0-based) / batch length: 400 / 447, index: 800000 ~ 802000
batch num(0-based) / batch length: 446 / 447, index: 892000 ~ 894000
batch num(0-based) / batch length: 0 / 447, index: 0 ~ 2000
batch num(0-based) / batch length: 200 / 447, index: 400000 ~ 402000
batch num(0-based) / batch length: 400 / 447, index: 800000 ~ 802000
batch num(0-based) / batch length: 446 / 447, index: 892000 ~ 894000
Step:    48	Loss: 0.050	Acc: 99.10%
batch num(0-based) / batch length: 0 / 447, index: 0 ~ 2000
batch num(0-based) / batch length: 200 / 447, index: 400000 ~ 402000
batch num(0-based) / batch length: 400 / 447, index: 800000 ~ 802000
batch num(0-based) / batch length: 446 / 447, index: 892000 ~ 894000
batch num(0-based) / batch length: 0 / 447, index: 0 ~ 2000
batch num(0-based) / batch length: 200 / 447, index: 400000 ~ 402000
batch num(0-based) / batch length: 400 / 447, index: 800000 ~ 802000
batch num(0-based) / batch length: 446 / 447, index: 892000 ~ 894000
batch num(0-based) / batch length: 0 / 447, index: 0 ~ 2000
batch num(0-based) / batch length: 200 / 447, index: 400000 ~ 402000
batch num(0-based) / batch length: 400 / 447, index: 800000 ~ 802000
batch num(0-based) / batch length: 446 / 447, index: 892000 ~ 894000
batch num(0-based) / batch length: 0 / 447, index: 0 ~ 2000
batch num(0-based) / batch length: 200 / 447, index: 400000 ~ 402000
batch num(0-based) / batch length: 400 / 447, index: 800000 ~ 802000
batch num(0-based) / batch length: 446 / 447, index: 892000 ~ 894000
Step:    52	Loss: 0.090	Acc: 98.04%
batch num(0-based) / batch length: 0 / 447, index: 0 ~ 2000
batch num(0-based) / batch length: 200 / 447, index: 400000 ~ 402000
batch num(0-based) / batch length: 400 / 447, index: 800000 ~ 802000
batch num(0-based) / batch length: 446 / 447, index: 892000 ~ 894000
batch num(0-based) / batch length: 0 / 447, index: 0 ~ 2000
batch num(0-based) / batch length: 200 / 447, index: 400000 ~ 402000
batch num(0-based) / batch length: 400 / 447, index: 800000 ~ 802000
batch num(0-based) / batch length: 446 / 447, index: 892000 ~ 894000
batch num(0-based) / batch length: 0 / 447, index: 0 ~ 2000
batch num(0-based) / batch length: 200 / 447, index: 400000 ~ 402000
batch num(0-based) / batch length: 400 / 447, index: 800000 ~ 802000
batch num(0-based) / batch length: 446 / 447, index: 892000 ~ 894000
batch num(0-based) / batch length: 0 / 447, index: 0 ~ 2000
batch num(0-based) / batch length: 200 / 447, index: 400000 ~ 402000
batch num(0-based) / batch length: 400 / 447, index: 800000 ~ 802000
batch num(0-based) / batch length: 446 / 447, index: 892000 ~ 894000
Step:    56	Loss: 0.115	Acc: 97.39%
batch num(0-based) / batch length: 0 / 447, index: 0 ~ 2000
batch num(0-based) / batch length: 200 / 447, index: 400000 ~ 402000
batch num(0-based) / batch length: 400 / 447, index: 800000 ~ 802000
batch num(0-based) / batch length: 446 / 447, index: 892000 ~ 894000
batch num(0-based) / batch length: 0 / 447, index: 0 ~ 2000
batch num(0-based) / batch length: 200 / 447, index: 400000 ~ 402000
batch num(0-based) / batch length: 400 / 447, index: 800000 ~ 802000
batch num(0-based) / batch length: 446 / 447, index: 892000 ~ 894000
batch num(0-based) / batch length: 0 / 447, index: 0 ~ 2000
batch num(0-based) / batch length: 200 / 447, index: 400000 ~ 402000
batch num(0-based) / batch length: 400 / 447, index: 800000 ~ 802000
batch num(0-based) / batch length: 446 / 447, index: 892000 ~ 894000
batch num(0-based) / batch length: 0 / 447, index: 0 ~ 2000
batch num(0-based) / batch length: 200 / 447, index: 400000 ~ 402000
batch num(0-based) / batch length: 400 / 447, index: 800000 ~ 802000
batch num(0-based) / batch length: 446 / 447, index: 892000 ~ 894000
Step:    60	Loss: 0.038	Acc: 99.25%
batch num(0-based) / batch length: 0 / 447, index: 0 ~ 2000
batch num(0-based) / batch length: 200 / 447, index: 400000 ~ 402000
batch num(0-based) / batch length: 400 / 447, index: 800000 ~ 802000
batch num(0-based) / batch length: 446 / 447, index: 892000 ~ 894000
batch num(0-based) / batch length: 0 / 447, index: 0 ~ 2000
batch num(0-based) / batch length: 200 / 447, index: 400000 ~ 402000
batch num(0-based) / batch length: 400 / 447, index: 800000 ~ 802000
batch num(0-based) / batch length: 446 / 447, index: 892000 ~ 894000
batch num(0-based) / batch length: 0 / 447, index: 0 ~ 2000
batch num(0-based) / batch length: 200 / 447, index: 400000 ~ 402000
batch num(0-based) / batch length: 400 / 447, index: 800000 ~ 802000
batch num(0-based) / batch length: 446 / 447, index: 892000 ~ 894000
batch num(0-based) / batch length: 0 / 447, index: 0 ~ 2000
batch num(0-based) / batch length: 200 / 447, index: 400000 ~ 402000
batch num(0-based) / batch length: 400 / 447, index: 800000 ~ 802000
batch num(0-based) / batch length: 446 / 447, index: 892000 ~ 894000
Step:    64	Loss: 0.004	Acc: 99.95%
batch num(0-based) / batch length: 0 / 447, index: 0 ~ 2000
batch num(0-based) / batch length: 200 / 447, index: 400000 ~ 402000
batch num(0-based) / batch length: 400 / 447, index: 800000 ~ 802000
batch num(0-based) / batch length: 446 / 447, index: 892000 ~ 894000
batch num(0-based) / batch length: 0 / 447, index: 0 ~ 2000
batch num(0-based) / batch length: 200 / 447, index: 400000 ~ 402000
batch num(0-based) / batch length: 400 / 447, index: 800000 ~ 802000
batch num(0-based) / batch length: 446 / 447, index: 892000 ~ 894000
batch num(0-based) / batch length: 0 / 447, index: 0 ~ 2000
batch num(0-based) / batch length: 200 / 447, index: 400000 ~ 402000
batch num(0-based) / batch length: 400 / 447, index: 800000 ~ 802000
batch num(0-based) / batch length: 446 / 447, index: 892000 ~ 894000
batch num(0-based) / batch length: 0 / 447, index: 0 ~ 2000
batch num(0-based) / batch length: 200 / 447, index: 400000 ~ 402000
batch num(0-based) / batch length: 400 / 447, index: 800000 ~ 802000
batch num(0-based) / batch length: 446 / 447, index: 892000 ~ 894000
Step:    68	Loss: 0.007	Acc: 99.88%
batch num(0-based) / batch length: 0 / 447, index: 0 ~ 2000
batch num(0-based) / batch length: 200 / 447, index: 400000 ~ 402000
batch num(0-based) / batch length: 400 / 447, index: 800000 ~ 802000
batch num(0-based) / batch length: 446 / 447, index: 892000 ~ 894000
batch num(0-based) / batch length: 0 / 447, index: 0 ~ 2000
batch num(0-based) / batch length: 200 / 447, index: 400000 ~ 402000
batch num(0-based) / batch length: 400 / 447, index: 800000 ~ 802000
batch num(0-based) / batch length: 446 / 447, index: 892000 ~ 894000
batch num(0-based) / batch length: 0 / 447, index: 0 ~ 2000
batch num(0-based) / batch length: 200 / 447, index: 400000 ~ 402000
batch num(0-based) / batch length: 400 / 447, index: 800000 ~ 802000
batch num(0-based) / batch length: 446 / 447, index: 892000 ~ 894000
batch num(0-based) / batch length: 0 / 447, index: 0 ~ 2000
batch num(0-based) / batch length: 200 / 447, index: 400000 ~ 402000
batch num(0-based) / batch length: 400 / 447, index: 800000 ~ 802000
batch num(0-based) / batch length: 446 / 447, index: 892000 ~ 894000
Step:    72	Loss: 0.002	Acc: 99.98%
batch num(0-based) / batch length: 0 / 447, index: 0 ~ 2000
batch num(0-based) / batch length: 200 / 447, index: 400000 ~ 402000
batch num(0-based) / batch length: 400 / 447, index: 800000 ~ 802000
batch num(0-based) / batch length: 446 / 447, index: 892000 ~ 894000
batch num(0-based) / batch length: 0 / 447, index: 0 ~ 2000
batch num(0-based) / batch length: 200 / 447, index: 400000 ~ 402000
batch num(0-based) / batch length: 400 / 447, index: 800000 ~ 802000
batch num(0-based) / batch length: 446 / 447, index: 892000 ~ 894000
batch num(0-based) / batch length: 0 / 447, index: 0 ~ 2000
batch num(0-based) / batch length: 200 / 447, index: 400000 ~ 402000
batch num(0-based) / batch length: 400 / 447, index: 800000 ~ 802000
batch num(0-based) / batch length: 446 / 447, index: 892000 ~ 894000
batch num(0-based) / batch length: 0 / 447, index: 0 ~ 2000
batch num(0-based) / batch length: 200 / 447, index: 400000 ~ 402000
batch num(0-based) / batch length: 400 / 447, index: 800000 ~ 802000
batch num(0-based) / batch length: 446 / 447, index: 892000 ~ 894000
Step:    76	Loss: 0.002	Acc: 99.99%
batch num(0-based) / batch length: 0 / 447, index: 0 ~ 2000
batch num(0-based) / batch length: 200 / 447, index: 400000 ~ 402000
batch num(0-based) / batch length: 400 / 447, index: 800000 ~ 802000
batch num(0-based) / batch length: 446 / 447, index: 892000 ~ 894000
batch num(0-based) / batch length: 0 / 447, index: 0 ~ 2000
batch num(0-based) / batch length: 200 / 447, index: 400000 ~ 402000
batch num(0-based) / batch length: 400 / 447, index: 800000 ~ 802000
batch num(0-based) / batch length: 446 / 447, index: 892000 ~ 894000
batch num(0-based) / batch length: 0 / 447, index: 0 ~ 2000
batch num(0-based) / batch length: 200 / 447, index: 400000 ~ 402000
batch num(0-based) / batch length: 400 / 447, index: 800000 ~ 802000
batch num(0-based) / batch length: 446 / 447, index: 892000 ~ 894000
batch num(0-based) / batch length: 0 / 447, index: 0 ~ 2000
batch num(0-based) / batch length: 200 / 447, index: 400000 ~ 402000
batch num(0-based) / batch length: 400 / 447, index: 800000 ~ 802000
batch num(0-based) / batch length: 446 / 447, index: 892000 ~ 894000
Step:    80	Loss: 0.007	Acc: 99.90%
batch num(0-based) / batch length: 0 / 447, index: 0 ~ 2000
batch num(0-based) / batch length: 200 / 447, index: 400000 ~ 402000
batch num(0-based) / batch length: 400 / 447, index: 800000 ~ 802000
batch num(0-based) / batch length: 446 / 447, index: 892000 ~ 894000
batch num(0-based) / batch length: 0 / 447, index: 0 ~ 2000
batch num(0-based) / batch length: 200 / 447, index: 400000 ~ 402000
batch num(0-based) / batch length: 400 / 447, index: 800000 ~ 802000
batch num(0-based) / batch length: 446 / 447, index: 892000 ~ 894000
batch num(0-based) / batch length: 0 / 447, index: 0 ~ 2000
batch num(0-based) / batch length: 200 / 447, index: 400000 ~ 402000
batch num(0-based) / batch length: 400 / 447, index: 800000 ~ 802000
batch num(0-based) / batch length: 446 / 447, index: 892000 ~ 894000
batch num(0-based) / batch length: 0 / 447, index: 0 ~ 2000
batch num(0-based) / batch length: 200 / 447, index: 400000 ~ 402000
batch num(0-based) / batch length: 400 / 447, index: 800000 ~ 802000
batch num(0-based) / batch length: 446 / 447, index: 892000 ~ 894000
Step:    84	Loss: 0.001	Acc: 99.99%
batch num(0-based) / batch length: 0 / 447, index: 0 ~ 2000
batch num(0-based) / batch length: 200 / 447, index: 400000 ~ 402000
batch num(0-based) / batch length: 400 / 447, index: 800000 ~ 802000
batch num(0-based) / batch length: 446 / 447, index: 892000 ~ 894000
batch num(0-based) / batch length: 0 / 447, index: 0 ~ 2000
batch num(0-based) / batch length: 200 / 447, index: 400000 ~ 402000
batch num(0-based) / batch length: 400 / 447, index: 800000 ~ 802000
batch num(0-based) / batch length: 446 / 447, index: 892000 ~ 894000
batch num(0-based) / batch length: 0 / 447, index: 0 ~ 2000
batch num(0-based) / batch length: 200 / 447, index: 400000 ~ 402000
batch num(0-based) / batch length: 400 / 447, index: 800000 ~ 802000
batch num(0-based) / batch length: 446 / 447, index: 892000 ~ 894000
batch num(0-based) / batch length: 0 / 447, index: 0 ~ 2000
batch num(0-based) / batch length: 200 / 447, index: 400000 ~ 402000
batch num(0-based) / batch length: 400 / 447, index: 800000 ~ 802000
batch num(0-based) / batch length: 446 / 447, index: 892000 ~ 894000
Step:    88	Loss: 0.002	Acc: 99.97%
batch num(0-based) / batch length: 0 / 447, index: 0 ~ 2000
batch num(0-based) / batch length: 200 / 447, index: 400000 ~ 402000
batch num(0-based) / batch length: 400 / 447, index: 800000 ~ 802000
batch num(0-based) / batch length: 446 / 447, index: 892000 ~ 894000
batch num(0-based) / batch length: 0 / 447, index: 0 ~ 2000
batch num(0-based) / batch length: 200 / 447, index: 400000 ~ 402000
batch num(0-based) / batch length: 400 / 447, index: 800000 ~ 802000
batch num(0-based) / batch length: 446 / 447, index: 892000 ~ 894000
batch num(0-based) / batch length: 0 / 447, index: 0 ~ 2000
batch num(0-based) / batch length: 200 / 447, index: 400000 ~ 402000
batch num(0-based) / batch length: 400 / 447, index: 800000 ~ 802000
batch num(0-based) / batch length: 446 / 447, index: 892000 ~ 894000
batch num(0-based) / batch length: 0 / 447, index: 0 ~ 2000
batch num(0-based) / batch length: 200 / 447, index: 400000 ~ 402000
batch num(0-based) / batch length: 400 / 447, index: 800000 ~ 802000
batch num(0-based) / batch length: 446 / 447, index: 892000 ~ 894000
Step:    92	Loss: 0.001	Acc: 99.98%
batch num(0-based) / batch length: 0 / 447, index: 0 ~ 2000
batch num(0-based) / batch length: 200 / 447, index: 400000 ~ 402000
batch num(0-based) / batch length: 400 / 447, index: 800000 ~ 802000
batch num(0-based) / batch length: 446 / 447, index: 892000 ~ 894000
batch num(0-based) / batch length: 0 / 447, index: 0 ~ 2000
batch num(0-based) / batch length: 200 / 447, index: 400000 ~ 402000
batch num(0-based) / batch length: 400 / 447, index: 800000 ~ 802000
batch num(0-based) / batch length: 446 / 447, index: 892000 ~ 894000
batch num(0-based) / batch length: 0 / 447, index: 0 ~ 2000
batch num(0-based) / batch length: 200 / 447, index: 400000 ~ 402000
batch num(0-based) / batch length: 400 / 447, index: 800000 ~ 802000
batch num(0-based) / batch length: 446 / 447, index: 892000 ~ 894000
batch num(0-based) / batch length: 0 / 447, index: 0 ~ 2000
batch num(0-based) / batch length: 200 / 447, index: 400000 ~ 402000
batch num(0-based) / batch length: 400 / 447, index: 800000 ~ 802000
batch num(0-based) / batch length: 446 / 447, index: 892000 ~ 894000
Step:    96	Loss: 0.003	Acc: 99.99%
batch num(0-based) / batch length: 0 / 447, index: 0 ~ 2000
batch num(0-based) / batch length: 200 / 447, index: 400000 ~ 402000
batch num(0-based) / batch length: 400 / 447, index: 800000 ~ 802000
batch num(0-based) / batch length: 446 / 447, index: 892000 ~ 894000
batch num(0-based) / batch length: 0 / 447, index: 0 ~ 2000
batch num(0-based) / batch length: 200 / 447, index: 400000 ~ 402000
batch num(0-based) / batch length: 400 / 447, index: 800000 ~ 802000
batch num(0-based) / batch length: 446 / 447, index: 892000 ~ 894000
batch num(0-based) / batch length: 0 / 447, index: 0 ~ 2000
batch num(0-based) / batch length: 200 / 447, index: 400000 ~ 402000
batch num(0-based) / batch length: 400 / 447, index: 800000 ~ 802000
batch num(0-based) / batch length: 446 / 447, index: 892000 ~ 894000
batch num(0-based) / batch length: 0 / 447, index: 0 ~ 2000
batch num(0-based) / batch length: 200 / 447, index: 400000 ~ 402000
batch num(0-based) / batch length: 400 / 447, index: 800000 ~ 802000
batch num(0-based) / batch length: 446 / 447, index: 892000 ~ 894000
Step:   100	Loss: 0.001	Acc: 99.99%
(384669,)
Test Accuracy: 0.999886