try 5

(896173, 172) (896173, 1)
(382854, 172) (382854, 1)
(?, 172) (?, 1)
batch num : 0 / 447, index: 0 ~ 2000
batch num : 200 / 447, index: 400000 ~ 402000
batch num : 400 / 447, index: 800000 ~ 802000
batch num : 447 / 447, index: 894000 ~ 896172
Step:     0	Loss: 1.958	Acc: 45.55%
batch num : 0 / 447, index: 0 ~ 2000
batch num : 200 / 447, index: 400000 ~ 402000
batch num : 400 / 447, index: 800000 ~ 802000
batch num : 447 / 447, index: 894000 ~ 896172
batch num : 0 / 447, index: 0 ~ 2000
batch num : 200 / 447, index: 400000 ~ 402000
batch num : 400 / 447, index: 800000 ~ 802000
batch num : 447 / 447, index: 894000 ~ 896172
batch num : 0 / 447, index: 0 ~ 2000
batch num : 200 / 447, index: 400000 ~ 402000
batch num : 400 / 447, index: 800000 ~ 802000
batch num : 447 / 447, index: 894000 ~ 896172
batch num : 0 / 447, index: 0 ~ 2000
batch num : 200 / 447, index: 400000 ~ 402000
batch num : 400 / 447, index: 800000 ~ 802000
batch num : 447 / 447, index: 894000 ~ 896172
Step:     4	Loss: 116351819776.000	Acc: 89.25%
batch num : 0 / 447, index: 0 ~ 2000
batch num : 200 / 447, index: 400000 ~ 402000
batch num : 400 / 447, index: 800000 ~ 802000
batch num : 447 / 447, index: 894000 ~ 896172
batch num : 0 / 447, index: 0 ~ 2000
batch num : 200 / 447, index: 400000 ~ 402000
batch num : 400 / 447, index: 800000 ~ 802000
batch num : 447 / 447, index: 894000 ~ 896172
batch num : 0 / 447, index: 0 ~ 2000
batch num : 200 / 447, index: 400000 ~ 402000
batch num : 400 / 447, index: 800000 ~ 802000
batch num : 447 / 447, index: 894000 ~ 896172
batch num : 0 / 447, index: 0 ~ 2000
batch num : 200 / 447, index: 400000 ~ 402000
batch num : 400 / 447, index: 800000 ~ 802000
batch num : 447 / 447, index: 894000 ~ 896172
Step:     8	Loss: 0.116	Acc: 96.85%
batch num : 0 / 447, index: 0 ~ 2000
batch num : 200 / 447, index: 400000 ~ 402000
batch num : 400 / 447, index: 800000 ~ 802000
batch num : 447 / 447, index: 894000 ~ 896172
batch num : 0 / 447, index: 0 ~ 2000
batch num : 200 / 447, index: 400000 ~ 402000
batch num : 400 / 447, index: 800000 ~ 802000
batch num : 447 / 447, index: 894000 ~ 896172
batch num : 0 / 447, index: 0 ~ 2000
batch num : 200 / 447, index: 400000 ~ 402000
batch num : 400 / 447, index: 800000 ~ 802000
batch num : 447 / 447, index: 894000 ~ 896172
batch num : 0 / 447, index: 0 ~ 2000
batch num : 200 / 447, index: 400000 ~ 402000
batch num : 400 / 447, index: 800000 ~ 802000
batch num : 447 / 447, index: 894000 ~ 896172
Step:    12	Loss: 0.026	Acc: 99.55%
batch num : 0 / 447, index: 0 ~ 2000
batch num : 200 / 447, index: 400000 ~ 402000
batch num : 400 / 447, index: 800000 ~ 802000
batch num : 447 / 447, index: 894000 ~ 896172
batch num : 0 / 447, index: 0 ~ 2000
batch num : 200 / 447, index: 400000 ~ 402000
batch num : 400 / 447, index: 800000 ~ 802000
batch num : 447 / 447, index: 894000 ~ 896172
batch num : 0 / 447, index: 0 ~ 2000
batch num : 200 / 447, index: 400000 ~ 402000
batch num : 400 / 447, index: 800000 ~ 802000
batch num : 447 / 447, index: 894000 ~ 896172
batch num : 0 / 447, index: 0 ~ 2000
batch num : 200 / 447, index: 400000 ~ 402000
batch num : 400 / 447, index: 800000 ~ 802000
batch num : 447 / 447, index: 894000 ~ 896172
Step:    16	Loss: 44189425664.000	Acc: 81.71%
batch num : 0 / 447, index: 0 ~ 2000
batch num : 200 / 447, index: 400000 ~ 402000
batch num : 400 / 447, index: 800000 ~ 802000
batch num : 447 / 447, index: 894000 ~ 896172
batch num : 0 / 447, index: 0 ~ 2000
batch num : 200 / 447, index: 400000 ~ 402000
batch num : 400 / 447, index: 800000 ~ 802000
batch num : 447 / 447, index: 894000 ~ 896172
batch num : 0 / 447, index: 0 ~ 2000
batch num : 200 / 447, index: 400000 ~ 402000
batch num : 400 / 447, index: 800000 ~ 802000
batch num : 447 / 447, index: 894000 ~ 896172
batch num : 0 / 447, index: 0 ~ 2000
batch num : 200 / 447, index: 400000 ~ 402000
batch num : 400 / 447, index: 800000 ~ 802000
batch num : 447 / 447, index: 894000 ~ 896172
Step:    20	Loss: 0.301	Acc: 89.90%
batch num : 0 / 447, index: 0 ~ 2000
batch num : 200 / 447, index: 400000 ~ 402000
batch num : 400 / 447, index: 800000 ~ 802000
batch num : 447 / 447, index: 894000 ~ 896172
batch num : 0 / 447, index: 0 ~ 2000
batch num : 200 / 447, index: 400000 ~ 402000
batch num : 400 / 447, index: 800000 ~ 802000
batch num : 447 / 447, index: 894000 ~ 896172
batch num : 0 / 447, index: 0 ~ 2000
batch num : 200 / 447, index: 400000 ~ 402000
batch num : 400 / 447, index: 800000 ~ 802000
batch num : 447 / 447, index: 894000 ~ 896172
batch num : 0 / 447, index: 0 ~ 2000
batch num : 200 / 447, index: 400000 ~ 402000
batch num : 400 / 447, index: 800000 ~ 802000
batch num : 447 / 447, index: 894000 ~ 896172
Step:    24	Loss: 0.236	Acc: 92.37%
batch num : 0 / 447, index: 0 ~ 2000
batch num : 200 / 447, index: 400000 ~ 402000
batch num : 400 / 447, index: 800000 ~ 802000
batch num : 447 / 447, index: 894000 ~ 896172
batch num : 0 / 447, index: 0 ~ 2000
batch num : 200 / 447, index: 400000 ~ 402000
batch num : 400 / 447, index: 800000 ~ 802000
batch num : 447 / 447, index: 894000 ~ 896172
batch num : 0 / 447, index: 0 ~ 2000
batch num : 200 / 447, index: 400000 ~ 402000
batch num : 400 / 447, index: 800000 ~ 802000
batch num : 447 / 447, index: 894000 ~ 896172
batch num : 0 / 447, index: 0 ~ 2000
batch num : 200 / 447, index: 400000 ~ 402000
batch num : 400 / 447, index: 800000 ~ 802000
batch num : 447 / 447, index: 894000 ~ 896172
Step:    28	Loss: 0.075	Acc: 98.54%
batch num : 0 / 447, index: 0 ~ 2000
batch num : 200 / 447, index: 400000 ~ 402000
batch num : 400 / 447, index: 800000 ~ 802000
batch num : 447 / 447, index: 894000 ~ 896172
batch num : 0 / 447, index: 0 ~ 2000
batch num : 200 / 447, index: 400000 ~ 402000
batch num : 400 / 447, index: 800000 ~ 802000
batch num : 447 / 447, index: 894000 ~ 896172
batch num : 0 / 447, index: 0 ~ 2000
batch num : 200 / 447, index: 400000 ~ 402000
batch num : 400 / 447, index: 800000 ~ 802000
batch num : 447 / 447, index: 894000 ~ 896172
batch num : 0 / 447, index: 0 ~ 2000
batch num : 200 / 447, index: 400000 ~ 402000
batch num : 400 / 447, index: 800000 ~ 802000
batch num : 447 / 447, index: 894000 ~ 896172
Step:    32	Loss: 0.017	Acc: 99.75%
batch num : 0 / 447, index: 0 ~ 2000
batch num : 200 / 447, index: 400000 ~ 402000
batch num : 400 / 447, index: 800000 ~ 802000
batch num : 447 / 447, index: 894000 ~ 896172
batch num : 0 / 447, index: 0 ~ 2000
batch num : 200 / 447, index: 400000 ~ 402000
batch num : 400 / 447, index: 800000 ~ 802000
batch num : 447 / 447, index: 894000 ~ 896172
batch num : 0 / 447, index: 0 ~ 2000
batch num : 200 / 447, index: 400000 ~ 402000
batch num : 400 / 447, index: 800000 ~ 802000
batch num : 447 / 447, index: 894000 ~ 896172
batch num : 0 / 447, index: 0 ~ 2000
batch num : 200 / 447, index: 400000 ~ 402000
batch num : 400 / 447, index: 800000 ~ 802000
batch num : 447 / 447, index: 894000 ~ 896172
Step:    36	Loss: 3.644	Acc: 80.79%
batch num : 0 / 447, index: 0 ~ 2000
batch num : 200 / 447, index: 400000 ~ 402000
batch num : 400 / 447, index: 800000 ~ 802000
batch num : 447 / 447, index: 894000 ~ 896172
batch num : 0 / 447, index: 0 ~ 2000
batch num : 200 / 447, index: 400000 ~ 402000
batch num : 400 / 447, index: 800000 ~ 802000
batch num : 447 / 447, index: 894000 ~ 896172
batch num : 0 / 447, index: 0 ~ 2000
batch num : 200 / 447, index: 400000 ~ 402000
batch num : 400 / 447, index: 800000 ~ 802000
batch num : 447 / 447, index: 894000 ~ 896172
batch num : 0 / 447, index: 0 ~ 2000
batch num : 200 / 447, index: 400000 ~ 402000
batch num : 400 / 447, index: 800000 ~ 802000
batch num : 447 / 447, index: 894000 ~ 896172
Step:    40	Loss: 0.012	Acc: 99.81%
batch num : 0 / 447, index: 0 ~ 2000
batch num : 200 / 447, index: 400000 ~ 402000
batch num : 400 / 447, index: 800000 ~ 802000
batch num : 447 / 447, index: 894000 ~ 896172
batch num : 0 / 447, index: 0 ~ 2000
batch num : 200 / 447, index: 400000 ~ 402000
batch num : 400 / 447, index: 800000 ~ 802000
batch num : 447 / 447, index: 894000 ~ 896172
batch num : 0 / 447, index: 0 ~ 2000
batch num : 200 / 447, index: 400000 ~ 402000
batch num : 400 / 447, index: 800000 ~ 802000
batch num : 447 / 447, index: 894000 ~ 896172
batch num : 0 / 447, index: 0 ~ 2000
batch num : 200 / 447, index: 400000 ~ 402000
batch num : 400 / 447, index: 800000 ~ 802000
batch num : 447 / 447, index: 894000 ~ 896172
Step:    44	Loss: 0.016	Acc: 99.73%
batch num : 0 / 447, index: 0 ~ 2000
batch num : 200 / 447, index: 400000 ~ 402000
batch num : 400 / 447, index: 800000 ~ 802000
batch num : 447 / 447, index: 894000 ~ 896172
batch num : 0 / 447, index: 0 ~ 2000
batch num : 200 / 447, index: 400000 ~ 402000
batch num : 400 / 447, index: 800000 ~ 802000
batch num : 447 / 447, index: 894000 ~ 896172
batch num : 0 / 447, index: 0 ~ 2000
batch num : 200 / 447, index: 400000 ~ 402000
batch num : 400 / 447, index: 800000 ~ 802000
batch num : 447 / 447, index: 894000 ~ 896172
batch num : 0 / 447, index: 0 ~ 2000
batch num : 200 / 447, index: 400000 ~ 402000
batch num : 400 / 447, index: 800000 ~ 802000
batch num : 447 / 447, index: 894000 ~ 896172
Step:    48	Loss: 0.012	Acc: 99.81%
batch num : 0 / 447, index: 0 ~ 2000
batch num : 200 / 447, index: 400000 ~ 402000
batch num : 400 / 447, index: 800000 ~ 802000
batch num : 447 / 447, index: 894000 ~ 896172
batch num : 0 / 447, index: 0 ~ 2000
batch num : 200 / 447, index: 400000 ~ 402000
batch num : 400 / 447, index: 800000 ~ 802000
batch num : 447 / 447, index: 894000 ~ 896172
batch num : 0 / 447, index: 0 ~ 2000
batch num : 200 / 447, index: 400000 ~ 402000
batch num : 400 / 447, index: 800000 ~ 802000
batch num : 447 / 447, index: 894000 ~ 896172
batch num : 0 / 447, index: 0 ~ 2000
batch num : 200 / 447, index: 400000 ~ 402000
batch num : 400 / 447, index: 800000 ~ 802000
batch num : 447 / 447, index: 894000 ~ 896172
Step:    52	Loss: 0.012	Acc: 99.81%
batch num : 0 / 447, index: 0 ~ 2000
batch num : 200 / 447, index: 400000 ~ 402000
batch num : 400 / 447, index: 800000 ~ 802000
batch num : 447 / 447, index: 894000 ~ 896172
batch num : 0 / 447, index: 0 ~ 2000
batch num : 200 / 447, index: 400000 ~ 402000
batch num : 400 / 447, index: 800000 ~ 802000
batch num : 447 / 447, index: 894000 ~ 896172
batch num : 0 / 447, index: 0 ~ 2000
batch num : 200 / 447, index: 400000 ~ 402000
batch num : 400 / 447, index: 800000 ~ 802000
batch num : 447 / 447, index: 894000 ~ 896172
batch num : 0 / 447, index: 0 ~ 2000
batch num : 200 / 447, index: 400000 ~ 402000
batch num : 400 / 447, index: 800000 ~ 802000
batch num : 447 / 447, index: 894000 ~ 896172
Step:    56	Loss: 0.014	Acc: 99.76%
batch num : 0 / 447, index: 0 ~ 2000
batch num : 200 / 447, index: 400000 ~ 402000
batch num : 400 / 447, index: 800000 ~ 802000
batch num : 447 / 447, index: 894000 ~ 896172
batch num : 0 / 447, index: 0 ~ 2000
batch num : 200 / 447, index: 400000 ~ 402000
batch num : 400 / 447, index: 800000 ~ 802000
batch num : 447 / 447, index: 894000 ~ 896172
batch num : 0 / 447, index: 0 ~ 2000
batch num : 200 / 447, index: 400000 ~ 402000
batch num : 400 / 447, index: 800000 ~ 802000
batch num : 447 / 447, index: 894000 ~ 896172
batch num : 0 / 447, index: 0 ~ 2000
batch num : 200 / 447, index: 400000 ~ 402000
batch num : 400 / 447, index: 800000 ~ 802000
batch num : 447 / 447, index: 894000 ~ 896172
Step:    60	Loss: 0.004	Acc: 99.94%
batch num : 0 / 447, index: 0 ~ 2000
batch num : 200 / 447, index: 400000 ~ 402000
batch num : 400 / 447, index: 800000 ~ 802000
batch num : 447 / 447, index: 894000 ~ 896172
batch num : 0 / 447, index: 0 ~ 2000
batch num : 200 / 447, index: 400000 ~ 402000
batch num : 400 / 447, index: 800000 ~ 802000
batch num : 447 / 447, index: 894000 ~ 896172
batch num : 0 / 447, index: 0 ~ 2000
batch num : 200 / 447, index: 400000 ~ 402000
batch num : 400 / 447, index: 800000 ~ 802000
batch num : 447 / 447, index: 894000 ~ 896172
batch num : 0 / 447, index: 0 ~ 2000
batch num : 200 / 447, index: 400000 ~ 402000
batch num : 400 / 447, index: 800000 ~ 802000
batch num : 447 / 447, index: 894000 ~ 896172
Step:    64	Loss: 0.002	Acc: 99.98%
batch num : 0 / 447, index: 0 ~ 2000
batch num : 200 / 447, index: 400000 ~ 402000
batch num : 400 / 447, index: 800000 ~ 802000
batch num : 447 / 447, index: 894000 ~ 896172
batch num : 0 / 447, index: 0 ~ 2000
batch num : 200 / 447, index: 400000 ~ 402000
batch num : 400 / 447, index: 800000 ~ 802000
batch num : 447 / 447, index: 894000 ~ 896172
batch num : 0 / 447, index: 0 ~ 2000
batch num : 200 / 447, index: 400000 ~ 402000
batch num : 400 / 447, index: 800000 ~ 802000
batch num : 447 / 447, index: 894000 ~ 896172
batch num : 0 / 447, index: 0 ~ 2000
batch num : 200 / 447, index: 400000 ~ 402000
batch num : 400 / 447, index: 800000 ~ 802000
batch num : 447 / 447, index: 894000 ~ 896172
Step:    68	Loss: 0.002	Acc: 99.98%
batch num : 0 / 447, index: 0 ~ 2000
batch num : 200 / 447, index: 400000 ~ 402000
batch num : 400 / 447, index: 800000 ~ 802000
batch num : 447 / 447, index: 894000 ~ 896172
batch num : 0 / 447, index: 0 ~ 2000
batch num : 200 / 447, index: 400000 ~ 402000
batch num : 400 / 447, index: 800000 ~ 802000
batch num : 447 / 447, index: 894000 ~ 896172
batch num : 0 / 447, index: 0 ~ 2000
batch num : 200 / 447, index: 400000 ~ 402000
batch num : 400 / 447, index: 800000 ~ 802000
batch num : 447 / 447, index: 894000 ~ 896172
batch num : 0 / 447, index: 0 ~ 2000
batch num : 200 / 447, index: 400000 ~ 402000
batch num : 400 / 447, index: 800000 ~ 802000
batch num : 447 / 447, index: 894000 ~ 896172
Step:    72	Loss: 0.001	Acc: 99.99%
batch num : 0 / 447, index: 0 ~ 2000
batch num : 200 / 447, index: 400000 ~ 402000
batch num : 400 / 447, index: 800000 ~ 802000
batch num : 447 / 447, index: 894000 ~ 896172
batch num : 0 / 447, index: 0 ~ 2000
batch num : 200 / 447, index: 400000 ~ 402000
batch num : 400 / 447, index: 800000 ~ 802000
batch num : 447 / 447, index: 894000 ~ 896172
batch num : 0 / 447, index: 0 ~ 2000
batch num : 200 / 447, index: 400000 ~ 402000
batch num : 400 / 447, index: 800000 ~ 802000
batch num : 447 / 447, index: 894000 ~ 896172
batch num : 0 / 447, index: 0 ~ 2000
batch num : 200 / 447, index: 400000 ~ 402000
batch num : 400 / 447, index: 800000 ~ 802000
batch num : 447 / 447, index: 894000 ~ 896172
Step:    76	Loss: 0.002	Acc: 99.97%
batch num : 0 / 447, index: 0 ~ 2000
batch num : 200 / 447, index: 400000 ~ 402000
batch num : 400 / 447, index: 800000 ~ 802000
batch num : 447 / 447, index: 894000 ~ 896172
batch num : 0 / 447, index: 0 ~ 2000
batch num : 200 / 447, index: 400000 ~ 402000
batch num : 400 / 447, index: 800000 ~ 802000
batch num : 447 / 447, index: 894000 ~ 896172
batch num : 0 / 447, index: 0 ~ 2000
batch num : 200 / 447, index: 400000 ~ 402000
batch num : 400 / 447, index: 800000 ~ 802000
batch num : 447 / 447, index: 894000 ~ 896172
batch num : 0 / 447, index: 0 ~ 2000
batch num : 200 / 447, index: 400000 ~ 402000
batch num : 400 / 447, index: 800000 ~ 802000
batch num : 447 / 447, index: 894000 ~ 896172
Step:    80	Loss: 0.002	Acc: 99.98%
batch num : 0 / 447, index: 0 ~ 2000
batch num : 200 / 447, index: 400000 ~ 402000
batch num : 400 / 447, index: 800000 ~ 802000
batch num : 447 / 447, index: 894000 ~ 896172
batch num : 0 / 447, index: 0 ~ 2000
batch num : 200 / 447, index: 400000 ~ 402000
batch num : 400 / 447, index: 800000 ~ 802000
batch num : 447 / 447, index: 894000 ~ 896172
batch num : 0 / 447, index: 0 ~ 2000
batch num : 200 / 447, index: 400000 ~ 402000
batch num : 400 / 447, index: 800000 ~ 802000
batch num : 447 / 447, index: 894000 ~ 896172
batch num : 0 / 447, index: 0 ~ 2000
batch num : 200 / 447, index: 400000 ~ 402000
batch num : 400 / 447, index: 800000 ~ 802000
batch num : 447 / 447, index: 894000 ~ 896172
Step:    84	Loss: 0.002	Acc: 99.98%
batch num : 0 / 447, index: 0 ~ 2000
batch num : 200 / 447, index: 400000 ~ 402000
batch num : 400 / 447, index: 800000 ~ 802000
batch num : 447 / 447, index: 894000 ~ 896172
batch num : 0 / 447, index: 0 ~ 2000
batch num : 200 / 447, index: 400000 ~ 402000
batch num : 400 / 447, index: 800000 ~ 802000
batch num : 447 / 447, index: 894000 ~ 896172
batch num : 0 / 447, index: 0 ~ 2000
batch num : 200 / 447, index: 400000 ~ 402000
batch num : 400 / 447, index: 800000 ~ 802000
batch num : 447 / 447, index: 894000 ~ 896172
batch num : 0 / 447, index: 0 ~ 2000
batch num : 200 / 447, index: 400000 ~ 402000
batch num : 400 / 447, index: 800000 ~ 802000
batch num : 447 / 447, index: 894000 ~ 896172
Step:    88	Loss: 0.003	Acc: 99.97%
batch num : 0 / 447, index: 0 ~ 2000
batch num : 200 / 447, index: 400000 ~ 402000
batch num : 400 / 447, index: 800000 ~ 802000
batch num : 447 / 447, index: 894000 ~ 896172
batch num : 0 / 447, index: 0 ~ 2000
batch num : 200 / 447, index: 400000 ~ 402000
batch num : 400 / 447, index: 800000 ~ 802000
batch num : 447 / 447, index: 894000 ~ 896172
batch num : 0 / 447, index: 0 ~ 2000
batch num : 200 / 447, index: 400000 ~ 402000
batch num : 400 / 447, index: 800000 ~ 802000
batch num : 447 / 447, index: 894000 ~ 896172
batch num : 0 / 447, index: 0 ~ 2000
batch num : 200 / 447, index: 400000 ~ 402000
batch num : 400 / 447, index: 800000 ~ 802000
batch num : 447 / 447, index: 894000 ~ 896172
Step:    92	Loss: 0.002	Acc: 99.98%
batch num : 0 / 447, index: 0 ~ 2000
batch num : 200 / 447, index: 400000 ~ 402000
batch num : 400 / 447, index: 800000 ~ 802000
batch num : 447 / 447, index: 894000 ~ 896172
batch num : 0 / 447, index: 0 ~ 2000
batch num : 200 / 447, index: 400000 ~ 402000
batch num : 400 / 447, index: 800000 ~ 802000
batch num : 447 / 447, index: 894000 ~ 896172
batch num : 0 / 447, index: 0 ~ 2000
batch num : 200 / 447, index: 400000 ~ 402000
batch num : 400 / 447, index: 800000 ~ 802000
batch num : 447 / 447, index: 894000 ~ 896172
batch num : 0 / 447, index: 0 ~ 2000
batch num : 200 / 447, index: 400000 ~ 402000
batch num : 400 / 447, index: 800000 ~ 802000
batch num : 447 / 447, index: 894000 ~ 896172
Step:    96	Loss: 0.001	Acc: 99.99%
batch num : 0 / 447, index: 0 ~ 2000
batch num : 200 / 447, index: 400000 ~ 402000
batch num : 400 / 447, index: 800000 ~ 802000
batch num : 447 / 447, index: 894000 ~ 896172
batch num : 0 / 447, index: 0 ~ 2000
batch num : 200 / 447, index: 400000 ~ 402000
batch num : 400 / 447, index: 800000 ~ 802000
batch num : 447 / 447, index: 894000 ~ 896172
batch num : 0 / 447, index: 0 ~ 2000
batch num : 200 / 447, index: 400000 ~ 402000
batch num : 400 / 447, index: 800000 ~ 802000
batch num : 447 / 447, index: 894000 ~ 896172
batch num : 0 / 447, index: 0 ~ 2000
batch num : 200 / 447, index: 400000 ~ 402000
batch num : 400 / 447, index: 800000 ~ 802000
batch num : 447 / 447, index: 894000 ~ 896172
Step:   100	Loss: 0.002	Acc: 99.98%
(382854,)
Test Accuracy: 0.999922