try 6

(895280, 172) (895280, 1)
(383747, 172) (383747, 1)
(?, 172) (?, 1)
batch num : 0 / 446, index: 0 ~ 2000
batch num : 200 / 446, index: 400000 ~ 402000
batch num : 400 / 446, index: 800000 ~ 802000
batch num : 446 / 446, index: 892000 ~ 895279
Step:     0	Loss: 0.509	Acc: 46.92%
batch num : 0 / 446, index: 0 ~ 2000
batch num : 200 / 446, index: 400000 ~ 402000
batch num : 400 / 446, index: 800000 ~ 802000
batch num : 446 / 446, index: 892000 ~ 895279
batch num : 0 / 446, index: 0 ~ 2000
batch num : 200 / 446, index: 400000 ~ 402000
batch num : 400 / 446, index: 800000 ~ 802000
batch num : 446 / 446, index: 892000 ~ 895279
batch num : 0 / 446, index: 0 ~ 2000
batch num : 200 / 446, index: 400000 ~ 402000
batch num : 400 / 446, index: 800000 ~ 802000
batch num : 446 / 446, index: 892000 ~ 895279
batch num : 0 / 446, index: 0 ~ 2000
batch num : 200 / 446, index: 400000 ~ 402000
batch num : 400 / 446, index: 800000 ~ 802000
batch num : 446 / 446, index: 892000 ~ 895279
Step:     4	Loss: 0.881	Acc: 68.30%
batch num : 0 / 446, index: 0 ~ 2000
batch num : 200 / 446, index: 400000 ~ 402000
batch num : 400 / 446, index: 800000 ~ 802000
batch num : 446 / 446, index: 892000 ~ 895279
batch num : 0 / 446, index: 0 ~ 2000
batch num : 200 / 446, index: 400000 ~ 402000
batch num : 400 / 446, index: 800000 ~ 802000
batch num : 446 / 446, index: 892000 ~ 895279
batch num : 0 / 446, index: 0 ~ 2000
batch num : 200 / 446, index: 400000 ~ 402000
batch num : 400 / 446, index: 800000 ~ 802000
batch num : 446 / 446, index: 892000 ~ 895279
batch num : 0 / 446, index: 0 ~ 2000
batch num : 200 / 446, index: 400000 ~ 402000
batch num : 400 / 446, index: 800000 ~ 802000
batch num : 446 / 446, index: 892000 ~ 895279
Step:     8	Loss: 0.172	Acc: 91.55%
batch num : 0 / 446, index: 0 ~ 2000
batch num : 200 / 446, index: 400000 ~ 402000
batch num : 400 / 446, index: 800000 ~ 802000
batch num : 446 / 446, index: 892000 ~ 895279
batch num : 0 / 446, index: 0 ~ 2000
batch num : 200 / 446, index: 400000 ~ 402000
batch num : 400 / 446, index: 800000 ~ 802000
batch num : 446 / 446, index: 892000 ~ 895279
batch num : 0 / 446, index: 0 ~ 2000
batch num : 200 / 446, index: 400000 ~ 402000
batch num : 400 / 446, index: 800000 ~ 802000
batch num : 446 / 446, index: 892000 ~ 895279
batch num : 0 / 446, index: 0 ~ 2000
batch num : 200 / 446, index: 400000 ~ 402000
batch num : 400 / 446, index: 800000 ~ 802000
batch num : 446 / 446, index: 892000 ~ 895279
Step:    12	Loss: 0.536	Acc: 78.19%
batch num : 0 / 446, index: 0 ~ 2000
batch num : 200 / 446, index: 400000 ~ 402000
batch num : 400 / 446, index: 800000 ~ 802000
batch num : 446 / 446, index: 892000 ~ 895279
batch num : 0 / 446, index: 0 ~ 2000
batch num : 200 / 446, index: 400000 ~ 402000
batch num : 400 / 446, index: 800000 ~ 802000
batch num : 446 / 446, index: 892000 ~ 895279
batch num : 0 / 446, index: 0 ~ 2000
batch num : 200 / 446, index: 400000 ~ 402000
batch num : 400 / 446, index: 800000 ~ 802000
batch num : 446 / 446, index: 892000 ~ 895279
batch num : 0 / 446, index: 0 ~ 2000
batch num : 200 / 446, index: 400000 ~ 402000
batch num : 400 / 446, index: 800000 ~ 802000
batch num : 446 / 446, index: 892000 ~ 895279
Step:    16	Loss: 0.403	Acc: 86.01%
batch num : 0 / 446, index: 0 ~ 2000
batch num : 200 / 446, index: 400000 ~ 402000
batch num : 400 / 446, index: 800000 ~ 802000
batch num : 446 / 446, index: 892000 ~ 895279
batch num : 0 / 446, index: 0 ~ 2000
batch num : 200 / 446, index: 400000 ~ 402000
batch num : 400 / 446, index: 800000 ~ 802000
batch num : 446 / 446, index: 892000 ~ 895279
batch num : 0 / 446, index: 0 ~ 2000
batch num : 200 / 446, index: 400000 ~ 402000
batch num : 400 / 446, index: 800000 ~ 802000
batch num : 446 / 446, index: 892000 ~ 895279
batch num : 0 / 446, index: 0 ~ 2000
batch num : 200 / 446, index: 400000 ~ 402000
batch num : 400 / 446, index: 800000 ~ 802000
batch num : 446 / 446, index: 892000 ~ 895279
Step:    20	Loss: 0.083	Acc: 98.08%
batch num : 0 / 446, index: 0 ~ 2000
batch num : 200 / 446, index: 400000 ~ 402000
batch num : 400 / 446, index: 800000 ~ 802000
batch num : 446 / 446, index: 892000 ~ 895279
batch num : 0 / 446, index: 0 ~ 2000
batch num : 200 / 446, index: 400000 ~ 402000
batch num : 400 / 446, index: 800000 ~ 802000
batch num : 446 / 446, index: 892000 ~ 895279
batch num : 0 / 446, index: 0 ~ 2000
batch num : 200 / 446, index: 400000 ~ 402000
batch num : 400 / 446, index: 800000 ~ 802000
batch num : 446 / 446, index: 892000 ~ 895279
batch num : 0 / 446, index: 0 ~ 2000
batch num : 200 / 446, index: 400000 ~ 402000
batch num : 400 / 446, index: 800000 ~ 802000
batch num : 446 / 446, index: 892000 ~ 895279
Step:    24	Loss: 0.125	Acc: 96.29%
batch num : 0 / 446, index: 0 ~ 2000
batch num : 200 / 446, index: 400000 ~ 402000
batch num : 400 / 446, index: 800000 ~ 802000
batch num : 446 / 446, index: 892000 ~ 895279
batch num : 0 / 446, index: 0 ~ 2000
batch num : 200 / 446, index: 400000 ~ 402000
batch num : 400 / 446, index: 800000 ~ 802000
batch num : 446 / 446, index: 892000 ~ 895279
batch num : 0 / 446, index: 0 ~ 2000
batch num : 200 / 446, index: 400000 ~ 402000
batch num : 400 / 446, index: 800000 ~ 802000
batch num : 446 / 446, index: 892000 ~ 895279
batch num : 0 / 446, index: 0 ~ 2000
batch num : 200 / 446, index: 400000 ~ 402000
batch num : 400 / 446, index: 800000 ~ 802000
batch num : 446 / 446, index: 892000 ~ 895279
Step:    28	Loss: 0.017	Acc: 99.69%
batch num : 0 / 446, index: 0 ~ 2000
batch num : 200 / 446, index: 400000 ~ 402000
batch num : 400 / 446, index: 800000 ~ 802000
batch num : 446 / 446, index: 892000 ~ 895279
batch num : 0 / 446, index: 0 ~ 2000
batch num : 200 / 446, index: 400000 ~ 402000
batch num : 400 / 446, index: 800000 ~ 802000
batch num : 446 / 446, index: 892000 ~ 895279
batch num : 0 / 446, index: 0 ~ 2000
batch num : 200 / 446, index: 400000 ~ 402000
batch num : 400 / 446, index: 800000 ~ 802000
batch num : 446 / 446, index: 892000 ~ 895279
batch num : 0 / 446, index: 0 ~ 2000
batch num : 200 / 446, index: 400000 ~ 402000
batch num : 400 / 446, index: 800000 ~ 802000
batch num : 446 / 446, index: 892000 ~ 895279
Step:    32	Loss: 0.017	Acc: 99.73%
batch num : 0 / 446, index: 0 ~ 2000
batch num : 200 / 446, index: 400000 ~ 402000
batch num : 400 / 446, index: 800000 ~ 802000
batch num : 446 / 446, index: 892000 ~ 895279
batch num : 0 / 446, index: 0 ~ 2000
batch num : 200 / 446, index: 400000 ~ 402000
batch num : 400 / 446, index: 800000 ~ 802000
batch num : 446 / 446, index: 892000 ~ 895279
batch num : 0 / 446, index: 0 ~ 2000
batch num : 200 / 446, index: 400000 ~ 402000
batch num : 400 / 446, index: 800000 ~ 802000
batch num : 446 / 446, index: 892000 ~ 895279
batch num : 0 / 446, index: 0 ~ 2000
batch num : 200 / 446, index: 400000 ~ 402000
batch num : 400 / 446, index: 800000 ~ 802000
batch num : 446 / 446, index: 892000 ~ 895279
Step:    36	Loss: 0.012	Acc: 99.78%
batch num : 0 / 446, index: 0 ~ 2000
batch num : 200 / 446, index: 400000 ~ 402000
batch num : 400 / 446, index: 800000 ~ 802000
batch num : 446 / 446, index: 892000 ~ 895279
batch num : 0 / 446, index: 0 ~ 2000
batch num : 200 / 446, index: 400000 ~ 402000
batch num : 400 / 446, index: 800000 ~ 802000
batch num : 446 / 446, index: 892000 ~ 895279
batch num : 0 / 446, index: 0 ~ 2000
batch num : 200 / 446, index: 400000 ~ 402000
batch num : 400 / 446, index: 800000 ~ 802000
batch num : 446 / 446, index: 892000 ~ 895279
batch num : 0 / 446, index: 0 ~ 2000
batch num : 200 / 446, index: 400000 ~ 402000
batch num : 400 / 446, index: 800000 ~ 802000
batch num : 446 / 446, index: 892000 ~ 895279
Step:    40	Loss: 0.284	Acc: 97.54%
batch num : 0 / 446, index: 0 ~ 2000
batch num : 200 / 446, index: 400000 ~ 402000
batch num : 400 / 446, index: 800000 ~ 802000
batch num : 446 / 446, index: 892000 ~ 895279
batch num : 0 / 446, index: 0 ~ 2000
batch num : 200 / 446, index: 400000 ~ 402000
batch num : 400 / 446, index: 800000 ~ 802000
batch num : 446 / 446, index: 892000 ~ 895279
batch num : 0 / 446, index: 0 ~ 2000
batch num : 200 / 446, index: 400000 ~ 402000
batch num : 400 / 446, index: 800000 ~ 802000
batch num : 446 / 446, index: 892000 ~ 895279
batch num : 0 / 446, index: 0 ~ 2000
batch num : 200 / 446, index: 400000 ~ 402000
batch num : 400 / 446, index: 800000 ~ 802000
batch num : 446 / 446, index: 892000 ~ 895279
Step:    44	Loss: 0.009	Acc: 99.84%
batch num : 0 / 446, index: 0 ~ 2000
batch num : 200 / 446, index: 400000 ~ 402000
batch num : 400 / 446, index: 800000 ~ 802000
batch num : 446 / 446, index: 892000 ~ 895279
batch num : 0 / 446, index: 0 ~ 2000
batch num : 200 / 446, index: 400000 ~ 402000
batch num : 400 / 446, index: 800000 ~ 802000
batch num : 446 / 446, index: 892000 ~ 895279
batch num : 0 / 446, index: 0 ~ 2000
batch num : 200 / 446, index: 400000 ~ 402000
batch num : 400 / 446, index: 800000 ~ 802000
batch num : 446 / 446, index: 892000 ~ 895279
batch num : 0 / 446, index: 0 ~ 2000
batch num : 200 / 446, index: 400000 ~ 402000
batch num : 400 / 446, index: 800000 ~ 802000
batch num : 446 / 446, index: 892000 ~ 895279
Step:    48	Loss: 0.027	Acc: 99.64%
batch num : 0 / 446, index: 0 ~ 2000
batch num : 200 / 446, index: 400000 ~ 402000
batch num : 400 / 446, index: 800000 ~ 802000
batch num : 446 / 446, index: 892000 ~ 895279
batch num : 0 / 446, index: 0 ~ 2000
batch num : 200 / 446, index: 400000 ~ 402000
batch num : 400 / 446, index: 800000 ~ 802000
batch num : 446 / 446, index: 892000 ~ 895279
batch num : 0 / 446, index: 0 ~ 2000
batch num : 200 / 446, index: 400000 ~ 402000
batch num : 400 / 446, index: 800000 ~ 802000
batch num : 446 / 446, index: 892000 ~ 895279
batch num : 0 / 446, index: 0 ~ 2000
batch num : 200 / 446, index: 400000 ~ 402000
batch num : 400 / 446, index: 800000 ~ 802000
batch num : 446 / 446, index: 892000 ~ 895279
Step:    52	Loss: 0.008	Acc: 99.90%
batch num : 0 / 446, index: 0 ~ 2000
batch num : 200 / 446, index: 400000 ~ 402000
batch num : 400 / 446, index: 800000 ~ 802000
batch num : 446 / 446, index: 892000 ~ 895279
batch num : 0 / 446, index: 0 ~ 2000
batch num : 200 / 446, index: 400000 ~ 402000
batch num : 400 / 446, index: 800000 ~ 802000
batch num : 446 / 446, index: 892000 ~ 895279
batch num : 0 / 446, index: 0 ~ 2000
batch num : 200 / 446, index: 400000 ~ 402000
batch num : 400 / 446, index: 800000 ~ 802000
batch num : 446 / 446, index: 892000 ~ 895279
batch num : 0 / 446, index: 0 ~ 2000
batch num : 200 / 446, index: 400000 ~ 402000
batch num : 400 / 446, index: 800000 ~ 802000
batch num : 446 / 446, index: 892000 ~ 895279
Step:    56	Loss: 0.003	Acc: 99.97%
batch num : 0 / 446, index: 0 ~ 2000
batch num : 200 / 446, index: 400000 ~ 402000
batch num : 400 / 446, index: 800000 ~ 802000
batch num : 446 / 446, index: 892000 ~ 895279
batch num : 0 / 446, index: 0 ~ 2000
batch num : 200 / 446, index: 400000 ~ 402000
batch num : 400 / 446, index: 800000 ~ 802000
batch num : 446 / 446, index: 892000 ~ 895279
batch num : 0 / 446, index: 0 ~ 2000
batch num : 200 / 446, index: 400000 ~ 402000
batch num : 400 / 446, index: 800000 ~ 802000
batch num : 446 / 446, index: 892000 ~ 895279
batch num : 0 / 446, index: 0 ~ 2000
batch num : 200 / 446, index: 400000 ~ 402000
batch num : 400 / 446, index: 800000 ~ 802000
batch num : 446 / 446, index: 892000 ~ 895279
Step:    60	Loss: 0.001	Acc: 99.98%
batch num : 0 / 446, index: 0 ~ 2000
batch num : 200 / 446, index: 400000 ~ 402000
batch num : 400 / 446, index: 800000 ~ 802000
batch num : 446 / 446, index: 892000 ~ 895279
batch num : 0 / 446, index: 0 ~ 2000
batch num : 200 / 446, index: 400000 ~ 402000
batch num : 400 / 446, index: 800000 ~ 802000
batch num : 446 / 446, index: 892000 ~ 895279
batch num : 0 / 446, index: 0 ~ 2000
batch num : 200 / 446, index: 400000 ~ 402000
batch num : 400 / 446, index: 800000 ~ 802000
batch num : 446 / 446, index: 892000 ~ 895279
batch num : 0 / 446, index: 0 ~ 2000
batch num : 200 / 446, index: 400000 ~ 402000
batch num : 400 / 446, index: 800000 ~ 802000
batch num : 446 / 446, index: 892000 ~ 895279
Step:    64	Loss: 0.002	Acc: 99.97%
batch num : 0 / 446, index: 0 ~ 2000
batch num : 200 / 446, index: 400000 ~ 402000
batch num : 400 / 446, index: 800000 ~ 802000
batch num : 446 / 446, index: 892000 ~ 895279
batch num : 0 / 446, index: 0 ~ 2000
batch num : 200 / 446, index: 400000 ~ 402000
batch num : 400 / 446, index: 800000 ~ 802000
batch num : 446 / 446, index: 892000 ~ 895279
batch num : 0 / 446, index: 0 ~ 2000
batch num : 200 / 446, index: 400000 ~ 402000
batch num : 400 / 446, index: 800000 ~ 802000
batch num : 446 / 446, index: 892000 ~ 895279
batch num : 0 / 446, index: 0 ~ 2000
batch num : 200 / 446, index: 400000 ~ 402000
batch num : 400 / 446, index: 800000 ~ 802000
batch num : 446 / 446, index: 892000 ~ 895279
Step:    68	Loss: 0.002	Acc: 99.98%
batch num : 0 / 446, index: 0 ~ 2000
batch num : 200 / 446, index: 400000 ~ 402000
batch num : 400 / 446, index: 800000 ~ 802000
batch num : 446 / 446, index: 892000 ~ 895279
batch num : 0 / 446, index: 0 ~ 2000
batch num : 200 / 446, index: 400000 ~ 402000
batch num : 400 / 446, index: 800000 ~ 802000
batch num : 446 / 446, index: 892000 ~ 895279
batch num : 0 / 446, index: 0 ~ 2000
batch num : 200 / 446, index: 400000 ~ 402000
batch num : 400 / 446, index: 800000 ~ 802000
batch num : 446 / 446, index: 892000 ~ 895279
batch num : 0 / 446, index: 0 ~ 2000
batch num : 200 / 446, index: 400000 ~ 402000
batch num : 400 / 446, index: 800000 ~ 802000
batch num : 446 / 446, index: 892000 ~ 895279
Step:    72	Loss: 0.003	Acc: 99.96%
batch num : 0 / 446, index: 0 ~ 2000
batch num : 200 / 446, index: 400000 ~ 402000
batch num : 400 / 446, index: 800000 ~ 802000
batch num : 446 / 446, index: 892000 ~ 895279
batch num : 0 / 446, index: 0 ~ 2000
batch num : 200 / 446, index: 400000 ~ 402000
batch num : 400 / 446, index: 800000 ~ 802000
batch num : 446 / 446, index: 892000 ~ 895279
batch num : 0 / 446, index: 0 ~ 2000
batch num : 200 / 446, index: 400000 ~ 402000
batch num : 400 / 446, index: 800000 ~ 802000
batch num : 446 / 446, index: 892000 ~ 895279
batch num : 0 / 446, index: 0 ~ 2000
batch num : 200 / 446, index: 400000 ~ 402000
batch num : 400 / 446, index: 800000 ~ 802000
batch num : 446 / 446, index: 892000 ~ 895279
Step:    76	Loss: 0.005	Acc: 99.93%
batch num : 0 / 446, index: 0 ~ 2000
batch num : 200 / 446, index: 400000 ~ 402000
batch num : 400 / 446, index: 800000 ~ 802000
batch num : 446 / 446, index: 892000 ~ 895279
batch num : 0 / 446, index: 0 ~ 2000
batch num : 200 / 446, index: 400000 ~ 402000
batch num : 400 / 446, index: 800000 ~ 802000
batch num : 446 / 446, index: 892000 ~ 895279
batch num : 0 / 446, index: 0 ~ 2000
batch num : 200 / 446, index: 400000 ~ 402000
batch num : 400 / 446, index: 800000 ~ 802000
batch num : 446 / 446, index: 892000 ~ 895279
batch num : 0 / 446, index: 0 ~ 2000
batch num : 200 / 446, index: 400000 ~ 402000
batch num : 400 / 446, index: 800000 ~ 802000
batch num : 446 / 446, index: 892000 ~ 895279
Step:    80	Loss: 0.060	Acc: 99.16%
batch num : 0 / 446, index: 0 ~ 2000
batch num : 200 / 446, index: 400000 ~ 402000
batch num : 400 / 446, index: 800000 ~ 802000
batch num : 446 / 446, index: 892000 ~ 895279
batch num : 0 / 446, index: 0 ~ 2000
batch num : 200 / 446, index: 400000 ~ 402000
batch num : 400 / 446, index: 800000 ~ 802000
batch num : 446 / 446, index: 892000 ~ 895279
batch num : 0 / 446, index: 0 ~ 2000
batch num : 200 / 446, index: 400000 ~ 402000
batch num : 400 / 446, index: 800000 ~ 802000
batch num : 446 / 446, index: 892000 ~ 895279
batch num : 0 / 446, index: 0 ~ 2000
batch num : 200 / 446, index: 400000 ~ 402000
batch num : 400 / 446, index: 800000 ~ 802000
batch num : 446 / 446, index: 892000 ~ 895279
Step:    84	Loss: 0.002	Acc: 99.98%
batch num : 0 / 446, index: 0 ~ 2000
batch num : 200 / 446, index: 400000 ~ 402000
batch num : 400 / 446, index: 800000 ~ 802000
batch num : 446 / 446, index: 892000 ~ 895279
batch num : 0 / 446, index: 0 ~ 2000
batch num : 200 / 446, index: 400000 ~ 402000
batch num : 400 / 446, index: 800000 ~ 802000
batch num : 446 / 446, index: 892000 ~ 895279
batch num : 0 / 446, index: 0 ~ 2000
batch num : 200 / 446, index: 400000 ~ 402000
batch num : 400 / 446, index: 800000 ~ 802000
batch num : 446 / 446, index: 892000 ~ 895279
batch num : 0 / 446, index: 0 ~ 2000
batch num : 200 / 446, index: 400000 ~ 402000
batch num : 400 / 446, index: 800000 ~ 802000
batch num : 446 / 446, index: 892000 ~ 895279
Step:    88	Loss: 0.002	Acc: 99.97%
batch num : 0 / 446, index: 0 ~ 2000
batch num : 200 / 446, index: 400000 ~ 402000
batch num : 400 / 446, index: 800000 ~ 802000
batch num : 446 / 446, index: 892000 ~ 895279
batch num : 0 / 446, index: 0 ~ 2000
batch num : 200 / 446, index: 400000 ~ 402000
batch num : 400 / 446, index: 800000 ~ 802000
batch num : 446 / 446, index: 892000 ~ 895279
batch num : 0 / 446, index: 0 ~ 2000
batch num : 200 / 446, index: 400000 ~ 402000
batch num : 400 / 446, index: 800000 ~ 802000
batch num : 446 / 446, index: 892000 ~ 895279
batch num : 0 / 446, index: 0 ~ 2000
batch num : 200 / 446, index: 400000 ~ 402000
batch num : 400 / 446, index: 800000 ~ 802000
batch num : 446 / 446, index: 892000 ~ 895279
Step:    92	Loss: 0.001	Acc: 99.98%
batch num : 0 / 446, index: 0 ~ 2000
batch num : 200 / 446, index: 400000 ~ 402000
batch num : 400 / 446, index: 800000 ~ 802000
batch num : 446 / 446, index: 892000 ~ 895279
batch num : 0 / 446, index: 0 ~ 2000
batch num : 200 / 446, index: 400000 ~ 402000
batch num : 400 / 446, index: 800000 ~ 802000
batch num : 446 / 446, index: 892000 ~ 895279
batch num : 0 / 446, index: 0 ~ 2000
batch num : 200 / 446, index: 400000 ~ 402000
batch num : 400 / 446, index: 800000 ~ 802000
batch num : 446 / 446, index: 892000 ~ 895279
batch num : 0 / 446, index: 0 ~ 2000
batch num : 200 / 446, index: 400000 ~ 402000
batch num : 400 / 446, index: 800000 ~ 802000
batch num : 446 / 446, index: 892000 ~ 895279
Step:    96	Loss: 0.001	Acc: 99.99%
batch num : 0 / 446, index: 0 ~ 2000
batch num : 200 / 446, index: 400000 ~ 402000
batch num : 400 / 446, index: 800000 ~ 802000
batch num : 446 / 446, index: 892000 ~ 895279
batch num : 0 / 446, index: 0 ~ 2000
batch num : 200 / 446, index: 400000 ~ 402000
batch num : 400 / 446, index: 800000 ~ 802000
batch num : 446 / 446, index: 892000 ~ 895279
batch num : 0 / 446, index: 0 ~ 2000
batch num : 200 / 446, index: 400000 ~ 402000
batch num : 400 / 446, index: 800000 ~ 802000
batch num : 446 / 446, index: 892000 ~ 895279
batch num : 0 / 446, index: 0 ~ 2000
batch num : 200 / 446, index: 400000 ~ 402000
batch num : 400 / 446, index: 800000 ~ 802000
batch num : 446 / 446, index: 892000 ~ 895279
Step:   100	Loss: 0.006	Acc: 99.99%
(383747,)
Test Accuracy: 0.999918
processing time : 272 seconds