try 7

(896439, 172) (896439, 1)
(382588, 172) (382588, 1)
(?, 172) (?, 1)
batch num : 0 / 447, index: 0 ~ 2000
batch num : 200 / 447, index: 400000 ~ 402000
batch num : 400 / 447, index: 800000 ~ 802000
batch num : 447 / 447, index: 894000 ~ 896438
Step:     0	Loss: 1.465	Acc: 51.58%
batch num : 0 / 447, index: 0 ~ 2000
batch num : 200 / 447, index: 400000 ~ 402000
batch num : 400 / 447, index: 800000 ~ 802000
batch num : 447 / 447, index: 894000 ~ 896438
batch num : 0 / 447, index: 0 ~ 2000
batch num : 200 / 447, index: 400000 ~ 402000
batch num : 400 / 447, index: 800000 ~ 802000
batch num : 447 / 447, index: 894000 ~ 896438
batch num : 0 / 447, index: 0 ~ 2000
batch num : 200 / 447, index: 400000 ~ 402000
batch num : 400 / 447, index: 800000 ~ 802000
batch num : 447 / 447, index: 894000 ~ 896438
batch num : 0 / 447, index: 0 ~ 2000
batch num : 200 / 447, index: 400000 ~ 402000
batch num : 400 / 447, index: 800000 ~ 802000
batch num : 447 / 447, index: 894000 ~ 896438
Step:     4	Loss: 0.354	Acc: 88.22%
batch num : 0 / 447, index: 0 ~ 2000
batch num : 200 / 447, index: 400000 ~ 402000
batch num : 400 / 447, index: 800000 ~ 802000
batch num : 447 / 447, index: 894000 ~ 896438
batch num : 0 / 447, index: 0 ~ 2000
batch num : 200 / 447, index: 400000 ~ 402000
batch num : 400 / 447, index: 800000 ~ 802000
batch num : 447 / 447, index: 894000 ~ 896438
batch num : 0 / 447, index: 0 ~ 2000
batch num : 200 / 447, index: 400000 ~ 402000
batch num : 400 / 447, index: 800000 ~ 802000
batch num : 447 / 447, index: 894000 ~ 896438
batch num : 0 / 447, index: 0 ~ 2000
batch num : 200 / 447, index: 400000 ~ 402000
batch num : 400 / 447, index: 800000 ~ 802000
batch num : 447 / 447, index: 894000 ~ 896438
Step:     8	Loss: 0.360	Acc: 88.03%
batch num : 0 / 447, index: 0 ~ 2000
batch num : 200 / 447, index: 400000 ~ 402000
batch num : 400 / 447, index: 800000 ~ 802000
batch num : 447 / 447, index: 894000 ~ 896438
batch num : 0 / 447, index: 0 ~ 2000
batch num : 200 / 447, index: 400000 ~ 402000
batch num : 400 / 447, index: 800000 ~ 802000
batch num : 447 / 447, index: 894000 ~ 896438
batch num : 0 / 447, index: 0 ~ 2000
batch num : 200 / 447, index: 400000 ~ 402000
batch num : 400 / 447, index: 800000 ~ 802000
batch num : 447 / 447, index: 894000 ~ 896438
batch num : 0 / 447, index: 0 ~ 2000
batch num : 200 / 447, index: 400000 ~ 402000
batch num : 400 / 447, index: 800000 ~ 802000
batch num : 447 / 447, index: 894000 ~ 896438
Step:    12	Loss: 0.114	Acc: 97.67%
batch num : 0 / 447, index: 0 ~ 2000
batch num : 200 / 447, index: 400000 ~ 402000
batch num : 400 / 447, index: 800000 ~ 802000
batch num : 447 / 447, index: 894000 ~ 896438
batch num : 0 / 447, index: 0 ~ 2000
batch num : 200 / 447, index: 400000 ~ 402000
batch num : 400 / 447, index: 800000 ~ 802000
batch num : 447 / 447, index: 894000 ~ 896438
batch num : 0 / 447, index: 0 ~ 2000
batch num : 200 / 447, index: 400000 ~ 402000
batch num : 400 / 447, index: 800000 ~ 802000
batch num : 447 / 447, index: 894000 ~ 896438
batch num : 0 / 447, index: 0 ~ 2000
batch num : 200 / 447, index: 400000 ~ 402000
batch num : 400 / 447, index: 800000 ~ 802000
batch num : 447 / 447, index: 894000 ~ 896438
Step:    16	Loss: 0.360	Acc: 88.91%
batch num : 0 / 447, index: 0 ~ 2000
batch num : 200 / 447, index: 400000 ~ 402000
batch num : 400 / 447, index: 800000 ~ 802000
batch num : 447 / 447, index: 894000 ~ 896438
batch num : 0 / 447, index: 0 ~ 2000
batch num : 200 / 447, index: 400000 ~ 402000
batch num : 400 / 447, index: 800000 ~ 802000
batch num : 447 / 447, index: 894000 ~ 896438
batch num : 0 / 447, index: 0 ~ 2000
batch num : 200 / 447, index: 400000 ~ 402000
batch num : 400 / 447, index: 800000 ~ 802000
batch num : 447 / 447, index: 894000 ~ 896438
batch num : 0 / 447, index: 0 ~ 2000
batch num : 200 / 447, index: 400000 ~ 402000
batch num : 400 / 447, index: 800000 ~ 802000
batch num : 447 / 447, index: 894000 ~ 896438
Step:    20	Loss: 0.215	Acc: 93.16%
batch num : 0 / 447, index: 0 ~ 2000
batch num : 200 / 447, index: 400000 ~ 402000
batch num : 400 / 447, index: 800000 ~ 802000
batch num : 447 / 447, index: 894000 ~ 896438
batch num : 0 / 447, index: 0 ~ 2000
batch num : 200 / 447, index: 400000 ~ 402000
batch num : 400 / 447, index: 800000 ~ 802000
batch num : 447 / 447, index: 894000 ~ 896438
batch num : 0 / 447, index: 0 ~ 2000
batch num : 200 / 447, index: 400000 ~ 402000
batch num : 400 / 447, index: 800000 ~ 802000
batch num : 447 / 447, index: 894000 ~ 896438
batch num : 0 / 447, index: 0 ~ 2000
batch num : 200 / 447, index: 400000 ~ 402000
batch num : 400 / 447, index: 800000 ~ 802000
batch num : 447 / 447, index: 894000 ~ 896438
Step:    24	Loss: 0.207	Acc: 94.57%
batch num : 0 / 447, index: 0 ~ 2000
batch num : 200 / 447, index: 400000 ~ 402000
batch num : 400 / 447, index: 800000 ~ 802000
batch num : 447 / 447, index: 894000 ~ 896438
batch num : 0 / 447, index: 0 ~ 2000
batch num : 200 / 447, index: 400000 ~ 402000
batch num : 400 / 447, index: 800000 ~ 802000
batch num : 447 / 447, index: 894000 ~ 896438
batch num : 0 / 447, index: 0 ~ 2000
batch num : 200 / 447, index: 400000 ~ 402000
batch num : 400 / 447, index: 800000 ~ 802000
batch num : 447 / 447, index: 894000 ~ 896438
batch num : 0 / 447, index: 0 ~ 2000
batch num : 200 / 447, index: 400000 ~ 402000
batch num : 400 / 447, index: 800000 ~ 802000
batch num : 447 / 447, index: 894000 ~ 896438
Step:    28	Loss: 0.219	Acc: 93.82%
batch num : 0 / 447, index: 0 ~ 2000
batch num : 200 / 447, index: 400000 ~ 402000
batch num : 400 / 447, index: 800000 ~ 802000
batch num : 447 / 447, index: 894000 ~ 896438
batch num : 0 / 447, index: 0 ~ 2000
batch num : 200 / 447, index: 400000 ~ 402000
batch num : 400 / 447, index: 800000 ~ 802000
batch num : 447 / 447, index: 894000 ~ 896438
batch num : 0 / 447, index: 0 ~ 2000
batch num : 200 / 447, index: 400000 ~ 402000
batch num : 400 / 447, index: 800000 ~ 802000
batch num : 447 / 447, index: 894000 ~ 896438
batch num : 0 / 447, index: 0 ~ 2000
batch num : 200 / 447, index: 400000 ~ 402000
batch num : 400 / 447, index: 800000 ~ 802000
batch num : 447 / 447, index: 894000 ~ 896438
Step:    32	Loss: 0.065	Acc: 98.10%
batch num : 0 / 447, index: 0 ~ 2000
batch num : 200 / 447, index: 400000 ~ 402000
batch num : 400 / 447, index: 800000 ~ 802000
batch num : 447 / 447, index: 894000 ~ 896438
batch num : 0 / 447, index: 0 ~ 2000
batch num : 200 / 447, index: 400000 ~ 402000
batch num : 400 / 447, index: 800000 ~ 802000
batch num : 447 / 447, index: 894000 ~ 896438
batch num : 0 / 447, index: 0 ~ 2000
batch num : 200 / 447, index: 400000 ~ 402000
batch num : 400 / 447, index: 800000 ~ 802000
batch num : 447 / 447, index: 894000 ~ 896438
batch num : 0 / 447, index: 0 ~ 2000
batch num : 200 / 447, index: 400000 ~ 402000
batch num : 400 / 447, index: 800000 ~ 802000
batch num : 447 / 447, index: 894000 ~ 896438
Step:    36	Loss: 0.033	Acc: 98.91%
batch num : 0 / 447, index: 0 ~ 2000
batch num : 200 / 447, index: 400000 ~ 402000
batch num : 400 / 447, index: 800000 ~ 802000
batch num : 447 / 447, index: 894000 ~ 896438
batch num : 0 / 447, index: 0 ~ 2000
batch num : 200 / 447, index: 400000 ~ 402000
batch num : 400 / 447, index: 800000 ~ 802000
batch num : 447 / 447, index: 894000 ~ 896438
batch num : 0 / 447, index: 0 ~ 2000
batch num : 200 / 447, index: 400000 ~ 402000
batch num : 400 / 447, index: 800000 ~ 802000
batch num : 447 / 447, index: 894000 ~ 896438
batch num : 0 / 447, index: 0 ~ 2000
batch num : 200 / 447, index: 400000 ~ 402000
batch num : 400 / 447, index: 800000 ~ 802000
batch num : 447 / 447, index: 894000 ~ 896438
Step:    40	Loss: 0.026	Acc: 99.07%
batch num : 0 / 447, index: 0 ~ 2000
batch num : 200 / 447, index: 400000 ~ 402000
batch num : 400 / 447, index: 800000 ~ 802000
batch num : 447 / 447, index: 894000 ~ 896438
batch num : 0 / 447, index: 0 ~ 2000
batch num : 200 / 447, index: 400000 ~ 402000
batch num : 400 / 447, index: 800000 ~ 802000
batch num : 447 / 447, index: 894000 ~ 896438
batch num : 0 / 447, index: 0 ~ 2000
batch num : 200 / 447, index: 400000 ~ 402000
batch num : 400 / 447, index: 800000 ~ 802000
batch num : 447 / 447, index: 894000 ~ 896438
batch num : 0 / 447, index: 0 ~ 2000
batch num : 200 / 447, index: 400000 ~ 402000
batch num : 400 / 447, index: 800000 ~ 802000
batch num : 447 / 447, index: 894000 ~ 896438
Step:    44	Loss: 0.024	Acc: 99.29%
batch num : 0 / 447, index: 0 ~ 2000
batch num : 200 / 447, index: 400000 ~ 402000
batch num : 400 / 447, index: 800000 ~ 802000
batch num : 447 / 447, index: 894000 ~ 896438
batch num : 0 / 447, index: 0 ~ 2000
batch num : 200 / 447, index: 400000 ~ 402000
batch num : 400 / 447, index: 800000 ~ 802000
batch num : 447 / 447, index: 894000 ~ 896438
batch num : 0 / 447, index: 0 ~ 2000
batch num : 200 / 447, index: 400000 ~ 402000
batch num : 400 / 447, index: 800000 ~ 802000
batch num : 447 / 447, index: 894000 ~ 896438
batch num : 0 / 447, index: 0 ~ 2000
batch num : 200 / 447, index: 400000 ~ 402000
batch num : 400 / 447, index: 800000 ~ 802000
batch num : 447 / 447, index: 894000 ~ 896438
Step:    48	Loss: 0.021	Acc: 99.27%
batch num : 0 / 447, index: 0 ~ 2000
batch num : 200 / 447, index: 400000 ~ 402000
batch num : 400 / 447, index: 800000 ~ 802000
batch num : 447 / 447, index: 894000 ~ 896438
batch num : 0 / 447, index: 0 ~ 2000
batch num : 200 / 447, index: 400000 ~ 402000
batch num : 400 / 447, index: 800000 ~ 802000
batch num : 447 / 447, index: 894000 ~ 896438
batch num : 0 / 447, index: 0 ~ 2000
batch num : 200 / 447, index: 400000 ~ 402000
batch num : 400 / 447, index: 800000 ~ 802000
batch num : 447 / 447, index: 894000 ~ 896438
batch num : 0 / 447, index: 0 ~ 2000
batch num : 200 / 447, index: 400000 ~ 402000
batch num : 400 / 447, index: 800000 ~ 802000
batch num : 447 / 447, index: 894000 ~ 896438
Step:    52	Loss: 0.022	Acc: 99.24%
batch num : 0 / 447, index: 0 ~ 2000
batch num : 200 / 447, index: 400000 ~ 402000
batch num : 400 / 447, index: 800000 ~ 802000
batch num : 447 / 447, index: 894000 ~ 896438
batch num : 0 / 447, index: 0 ~ 2000
batch num : 200 / 447, index: 400000 ~ 402000
batch num : 400 / 447, index: 800000 ~ 802000
batch num : 447 / 447, index: 894000 ~ 896438
batch num : 0 / 447, index: 0 ~ 2000
batch num : 200 / 447, index: 400000 ~ 402000
batch num : 400 / 447, index: 800000 ~ 802000
batch num : 447 / 447, index: 894000 ~ 896438
batch num : 0 / 447, index: 0 ~ 2000
batch num : 200 / 447, index: 400000 ~ 402000
batch num : 400 / 447, index: 800000 ~ 802000
batch num : 447 / 447, index: 894000 ~ 896438
Step:    56	Loss: 0.019	Acc: 99.47%
batch num : 0 / 447, index: 0 ~ 2000
batch num : 200 / 447, index: 400000 ~ 402000
batch num : 400 / 447, index: 800000 ~ 802000
batch num : 447 / 447, index: 894000 ~ 896438
batch num : 0 / 447, index: 0 ~ 2000
batch num : 200 / 447, index: 400000 ~ 402000
batch num : 400 / 447, index: 800000 ~ 802000
batch num : 447 / 447, index: 894000 ~ 896438
batch num : 0 / 447, index: 0 ~ 2000
batch num : 200 / 447, index: 400000 ~ 402000
batch num : 400 / 447, index: 800000 ~ 802000
batch num : 447 / 447, index: 894000 ~ 896438
batch num : 0 / 447, index: 0 ~ 2000
batch num : 200 / 447, index: 400000 ~ 402000
batch num : 400 / 447, index: 800000 ~ 802000
batch num : 447 / 447, index: 894000 ~ 896438
Step:    60	Loss: 0.014	Acc: 99.59%
batch num : 0 / 447, index: 0 ~ 2000
batch num : 200 / 447, index: 400000 ~ 402000
batch num : 400 / 447, index: 800000 ~ 802000
batch num : 447 / 447, index: 894000 ~ 896438
batch num : 0 / 447, index: 0 ~ 2000
batch num : 200 / 447, index: 400000 ~ 402000
batch num : 400 / 447, index: 800000 ~ 802000
batch num : 447 / 447, index: 894000 ~ 896438
batch num : 0 / 447, index: 0 ~ 2000
batch num : 200 / 447, index: 400000 ~ 402000
batch num : 400 / 447, index: 800000 ~ 802000
batch num : 447 / 447, index: 894000 ~ 896438
batch num : 0 / 447, index: 0 ~ 2000
batch num : 200 / 447, index: 400000 ~ 402000
batch num : 400 / 447, index: 800000 ~ 802000
batch num : 447 / 447, index: 894000 ~ 896438
Step:    64	Loss: 0.007	Acc: 99.85%
batch num : 0 / 447, index: 0 ~ 2000
batch num : 200 / 447, index: 400000 ~ 402000
batch num : 400 / 447, index: 800000 ~ 802000
batch num : 447 / 447, index: 894000 ~ 896438
batch num : 0 / 447, index: 0 ~ 2000
batch num : 200 / 447, index: 400000 ~ 402000
batch num : 400 / 447, index: 800000 ~ 802000
batch num : 447 / 447, index: 894000 ~ 896438
batch num : 0 / 447, index: 0 ~ 2000
batch num : 200 / 447, index: 400000 ~ 402000
batch num : 400 / 447, index: 800000 ~ 802000
batch num : 447 / 447, index: 894000 ~ 896438
batch num : 0 / 447, index: 0 ~ 2000
batch num : 200 / 447, index: 400000 ~ 402000
batch num : 400 / 447, index: 800000 ~ 802000
batch num : 447 / 447, index: 894000 ~ 896438
Step:    68	Loss: 0.006	Acc: 99.89%
batch num : 0 / 447, index: 0 ~ 2000
batch num : 200 / 447, index: 400000 ~ 402000
batch num : 400 / 447, index: 800000 ~ 802000
batch num : 447 / 447, index: 894000 ~ 896438
batch num : 0 / 447, index: 0 ~ 2000
batch num : 200 / 447, index: 400000 ~ 402000
batch num : 400 / 447, index: 800000 ~ 802000
batch num : 447 / 447, index: 894000 ~ 896438
batch num : 0 / 447, index: 0 ~ 2000
batch num : 200 / 447, index: 400000 ~ 402000
batch num : 400 / 447, index: 800000 ~ 802000
batch num : 447 / 447, index: 894000 ~ 896438
batch num : 0 / 447, index: 0 ~ 2000
batch num : 200 / 447, index: 400000 ~ 402000
batch num : 400 / 447, index: 800000 ~ 802000
batch num : 447 / 447, index: 894000 ~ 896438
Step:    72	Loss: 0.008	Acc: 99.86%
batch num : 0 / 447, index: 0 ~ 2000
batch num : 200 / 447, index: 400000 ~ 402000
batch num : 400 / 447, index: 800000 ~ 802000
batch num : 447 / 447, index: 894000 ~ 896438
batch num : 0 / 447, index: 0 ~ 2000
batch num : 200 / 447, index: 400000 ~ 402000
batch num : 400 / 447, index: 800000 ~ 802000
batch num : 447 / 447, index: 894000 ~ 896438
batch num : 0 / 447, index: 0 ~ 2000
batch num : 200 / 447, index: 400000 ~ 402000
batch num : 400 / 447, index: 800000 ~ 802000
batch num : 447 / 447, index: 894000 ~ 896438
batch num : 0 / 447, index: 0 ~ 2000
batch num : 200 / 447, index: 400000 ~ 402000
batch num : 400 / 447, index: 800000 ~ 802000
batch num : 447 / 447, index: 894000 ~ 896438
Step:    76	Loss: 0.009	Acc: 99.82%
batch num : 0 / 447, index: 0 ~ 2000
batch num : 200 / 447, index: 400000 ~ 402000
batch num : 400 / 447, index: 800000 ~ 802000
batch num : 447 / 447, index: 894000 ~ 896438
batch num : 0 / 447, index: 0 ~ 2000
batch num : 200 / 447, index: 400000 ~ 402000
batch num : 400 / 447, index: 800000 ~ 802000
batch num : 447 / 447, index: 894000 ~ 896438
batch num : 0 / 447, index: 0 ~ 2000
batch num : 200 / 447, index: 400000 ~ 402000
batch num : 400 / 447, index: 800000 ~ 802000
batch num : 447 / 447, index: 894000 ~ 896438
batch num : 0 / 447, index: 0 ~ 2000
batch num : 200 / 447, index: 400000 ~ 402000
batch num : 400 / 447, index: 800000 ~ 802000
batch num : 447 / 447, index: 894000 ~ 896438
Step:    80	Loss: 0.010	Acc: 99.84%
batch num : 0 / 447, index: 0 ~ 2000
batch num : 200 / 447, index: 400000 ~ 402000
batch num : 400 / 447, index: 800000 ~ 802000
batch num : 447 / 447, index: 894000 ~ 896438
batch num : 0 / 447, index: 0 ~ 2000
batch num : 200 / 447, index: 400000 ~ 402000
batch num : 400 / 447, index: 800000 ~ 802000
batch num : 447 / 447, index: 894000 ~ 896438
batch num : 0 / 447, index: 0 ~ 2000
batch num : 200 / 447, index: 400000 ~ 402000
batch num : 400 / 447, index: 800000 ~ 802000
batch num : 447 / 447, index: 894000 ~ 896438
batch num : 0 / 447, index: 0 ~ 2000
batch num : 200 / 447, index: 400000 ~ 402000
batch num : 400 / 447, index: 800000 ~ 802000
batch num : 447 / 447, index: 894000 ~ 896438
Step:    84	Loss: 0.004	Acc: 99.91%
batch num : 0 / 447, index: 0 ~ 2000
batch num : 200 / 447, index: 400000 ~ 402000
batch num : 400 / 447, index: 800000 ~ 802000
batch num : 447 / 447, index: 894000 ~ 896438
batch num : 0 / 447, index: 0 ~ 2000
batch num : 200 / 447, index: 400000 ~ 402000
batch num : 400 / 447, index: 800000 ~ 802000
batch num : 447 / 447, index: 894000 ~ 896438
batch num : 0 / 447, index: 0 ~ 2000
batch num : 200 / 447, index: 400000 ~ 402000
batch num : 400 / 447, index: 800000 ~ 802000
batch num : 447 / 447, index: 894000 ~ 896438
batch num : 0 / 447, index: 0 ~ 2000
batch num : 200 / 447, index: 400000 ~ 402000
batch num : 400 / 447, index: 800000 ~ 802000
batch num : 447 / 447, index: 894000 ~ 896438
Step:    88	Loss: 0.005	Acc: 99.88%
batch num : 0 / 447, index: 0 ~ 2000
batch num : 200 / 447, index: 400000 ~ 402000
batch num : 400 / 447, index: 800000 ~ 802000
batch num : 447 / 447, index: 894000 ~ 896438
batch num : 0 / 447, index: 0 ~ 2000
batch num : 200 / 447, index: 400000 ~ 402000
batch num : 400 / 447, index: 800000 ~ 802000
batch num : 447 / 447, index: 894000 ~ 896438
(382588,)
Test Accuracy: 0.999856